{"C:\\Users\\Juliane Yamasaki\\Desktop\\CPSC310\\d1_team15\\src\\controller\\IInsightFacade.js":{"path":"C:\\Users\\Juliane Yamasaki\\Desktop\\CPSC310\\d1_team15\\src\\controller\\IInsightFacade.js","statementMap":{"0":{"start":{"line":2,"column":0},"end":{"line":2,"column":62}},"1":{"start":{"line":4,"column":0},"end":{"line":7,"column":89}},"2":{"start":{"line":5,"column":4},"end":{"line":5,"column":46}},"3":{"start":{"line":6,"column":4},"end":{"line":6,"column":42}}},"fnMap":{"0":{"name":"(anonymous_0)","decl":{"start":{"line":4,"column":1},"end":{"line":4,"column":2}},"loc":{"start":{"line":4,"column":31},"end":{"line":7,"column":1}},"line":4}},"branchMap":{"0":{"loc":{"start":{"line":7,"column":24},"end":{"line":7,"column":87}},"type":"binary-expr","locations":[{"start":{"line":7,"column":24},"end":{"line":7,"column":50}},{"start":{"line":7,"column":55},"end":{"line":7,"column":86}}],"line":7}},"s":{"0":1,"1":1,"2":1,"3":1},"f":{"0":1},"b":{"0":[1,1]},"_coverageSchema":"332fd63041d2c1bcb487cc26dd0d5f7d97098a6c","hash":"d3e9934a3f81cf9a22246fd00b3c0cd46f198df8","contentHash":"05ea0e31d67b248828a61f29b66fb7e0_11.3.0"},"C:\\Users\\Juliane Yamasaki\\Desktop\\CPSC310\\d1_team15\\src\\controller\\InsightFacade.js":{"path":"C:\\Users\\Juliane Yamasaki\\Desktop\\CPSC310\\d1_team15\\src\\controller\\InsightFacade.js","statementMap":{"0":{"start":{"line":2,"column":16},"end":{"line":9,"column":1}},"1":{"start":{"line":3,"column":4},"end":{"line":8,"column":7}},"2":{"start":{"line":4,"column":36},"end":{"line":4,"column":97}},"3":{"start":{"line":4,"column":42},"end":{"line":4,"column":70}},"4":{"start":{"line":4,"column":85},"end":{"line":4,"column":95}},"5":{"start":{"line":5,"column":35},"end":{"line":5,"column":100}},"6":{"start":{"line":5,"column":41},"end":{"line":5,"column":73}},"7":{"start":{"line":5,"column":88},"end":{"line":5,"column":98}},"8":{"start":{"line":6,"column":32},"end":{"line":6,"column":149}},"9":{"start":{"line":6,"column":97},"end":{"line":6,"column":119}},"10":{"start":{"line":7,"column":8},"end":{"line":7,"column":78}},"11":{"start":{"line":10,"column":0},"end":{"line":10,"column":62}},"12":{"start":{"line":11,"column":11},"end":{"line":11,"column":24}},"13":{"start":{"line":12,"column":14},"end":{"line":12,"column":30}},"14":{"start":{"line":13,"column":25},"end":{"line":13,"column":53}},"15":{"start":{"line":14,"column":20},"end":{"line":14,"column":43}},"16":{"start":{"line":15,"column":23},"end":{"line":15,"column":49}},"17":{"start":{"line":16,"column":15},"end":{"line":16,"column":33}},"18":{"start":{"line":17,"column":25},"end":{"line":17,"column":52}},"19":{"start":{"line":20,"column":8},"end":{"line":20,"column":34}},"20":{"start":{"line":21,"column":8},"end":{"line":21,"column":58}},"21":{"start":{"line":22,"column":8},"end":{"line":27,"column":9}},"22":{"start":{"line":23,"column":12},"end":{"line":23,"column":104}},"23":{"start":{"line":26,"column":12},"end":{"line":26,"column":38}},"24":{"start":{"line":30,"column":8},"end":{"line":63,"column":11}},"25":{"start":{"line":31,"column":29},"end":{"line":31,"column":33}},"26":{"start":{"line":32,"column":26},"end":{"line":32,"column":37}},"27":{"start":{"line":33,"column":34},"end":{"line":33,"column":36}},"28":{"start":{"line":34,"column":12},"end":{"line":36,"column":13}},"29":{"start":{"line":35,"column":16},"end":{"line":35,"column":105}},"30":{"start":{"line":37,"column":33},"end":{"line":39,"column":14}},"31":{"start":{"line":38,"column":16},"end":{"line":38,"column":110}},"32":{"start":{"line":40,"column":12},"end":{"line":40,"column":45}},"33":{"start":{"line":42,"column":12},"end":{"line":55,"column":13}},"34":{"start":{"line":44,"column":20},"end":{"line":46,"column":23}},"35":{"start":{"line":45,"column":24},"end":{"line":45,"column":117}},"36":{"start":{"line":47,"column":20},"end":{"line":47,"column":26}},"37":{"start":{"line":49,"column":20},"end":{"line":51,"column":23}},"38":{"start":{"line":50,"column":24},"end":{"line":50,"column":115}},"39":{"start":{"line":52,"column":20},"end":{"line":52,"column":26}},"40":{"start":{"line":54,"column":20},"end":{"line":54,"column":102}},"41":{"start":{"line":56,"column":12},"end":{"line":56,"column":45}},"42":{"start":{"line":57,"column":12},"end":{"line":59,"column":16}},"43":{"start":{"line":58,"column":16},"end":{"line":58,"column":110}},"44":{"start":{"line":60,"column":12},"end":{"line":62,"column":108}},"45":{"start":{"line":61,"column":29},"end":{"line":61,"column":115}},"46":{"start":{"line":62,"column":28},"end":{"line":62,"column":106}},"47":{"start":{"line":66,"column":25},"end":{"line":66,"column":29}},"48":{"start":{"line":67,"column":8},"end":{"line":75,"column":9}},"49":{"start":{"line":68,"column":12},"end":{"line":68,"column":48}},"50":{"start":{"line":69,"column":12},"end":{"line":71,"column":110}},"51":{"start":{"line":70,"column":32},"end":{"line":70,"column":112}},"52":{"start":{"line":71,"column":28},"end":{"line":71,"column":108}},"53":{"start":{"line":74,"column":12},"end":{"line":74,"column":113}},"54":{"start":{"line":78,"column":25},"end":{"line":78,"column":29}},"55":{"start":{"line":79,"column":25},"end":{"line":79,"column":27}},"56":{"start":{"line":80,"column":8},"end":{"line":82,"column":11}},"57":{"start":{"line":81,"column":12},"end":{"line":81,"column":65}},"58":{"start":{"line":83,"column":8},"end":{"line":83,"column":74}},"59":{"start":{"line":86,"column":25},"end":{"line":86,"column":29}},"60":{"start":{"line":87,"column":26},"end":{"line":87,"column":28}},"61":{"start":{"line":88,"column":8},"end":{"line":90,"column":9}},"62":{"start":{"line":89,"column":12},"end":{"line":89,"column":88}},"63":{"start":{"line":91,"column":8},"end":{"line":93,"column":9}},"64":{"start":{"line":92,"column":12},"end":{"line":92,"column":91}},"65":{"start":{"line":94,"column":8},"end":{"line":96,"column":9}},"66":{"start":{"line":95,"column":12},"end":{"line":95,"column":93}},"67":{"start":{"line":97,"column":8},"end":{"line":99,"column":9}},"68":{"start":{"line":98,"column":12},"end":{"line":98,"column":111}},"69":{"start":{"line":100,"column":26},"end":{"line":100,"column":64}},"70":{"start":{"line":101,"column":8},"end":{"line":103,"column":9}},"71":{"start":{"line":102,"column":12},"end":{"line":102,"column":99}},"72":{"start":{"line":104,"column":8},"end":{"line":106,"column":9}},"73":{"start":{"line":105,"column":12},"end":{"line":105,"column":124}},"74":{"start":{"line":107,"column":29},"end":{"line":107,"column":66}},"75":{"start":{"line":108,"column":8},"end":{"line":113,"column":9}},"76":{"start":{"line":109,"column":12},"end":{"line":109,"column":166}},"77":{"start":{"line":112,"column":12},"end":{"line":112,"column":143}},"78":{"start":{"line":114,"column":8},"end":{"line":116,"column":9}},"79":{"start":{"line":115,"column":12},"end":{"line":115,"column":91}},"80":{"start":{"line":117,"column":8},"end":{"line":119,"column":9}},"81":{"start":{"line":118,"column":12},"end":{"line":118,"column":112}},"82":{"start":{"line":120,"column":8},"end":{"line":124,"column":9}},"83":{"start":{"line":121,"column":24},"end":{"line":121,"column":49}},"84":{"start":{"line":122,"column":28},"end":{"line":122,"column":79}},"85":{"start":{"line":123,"column":12},"end":{"line":123,"column":75}},"86":{"start":{"line":125,"column":8},"end":{"line":127,"column":9}},"87":{"start":{"line":126,"column":12},"end":{"line":126,"column":104}},"88":{"start":{"line":128,"column":8},"end":{"line":132,"column":9}},"89":{"start":{"line":129,"column":24},"end":{"line":129,"column":49}},"90":{"start":{"line":130,"column":28},"end":{"line":130,"column":54}},"91":{"start":{"line":131,"column":12},"end":{"line":131,"column":75}},"92":{"start":{"line":133,"column":8},"end":{"line":137,"column":9}},"93":{"start":{"line":134,"column":24},"end":{"line":134,"column":49}},"94":{"start":{"line":135,"column":28},"end":{"line":135,"column":92}},"95":{"start":{"line":136,"column":12},"end":{"line":136,"column":75}},"96":{"start":{"line":138,"column":8},"end":{"line":145,"column":9}},"97":{"start":{"line":139,"column":12},"end":{"line":144,"column":13}},"98":{"start":{"line":140,"column":16},"end":{"line":140,"column":104}},"99":{"start":{"line":143,"column":16},"end":{"line":143,"column":98}},"100":{"start":{"line":146,"column":8},"end":{"line":164,"column":9}},"101":{"start":{"line":147,"column":35},"end":{"line":147,"column":62}},"102":{"start":{"line":148,"column":26},"end":{"line":148,"column":53}},"103":{"start":{"line":149,"column":30},"end":{"line":149,"column":32}},"104":{"start":{"line":150,"column":20},"end":{"line":150,"column":21}},"105":{"start":{"line":151,"column":12},"end":{"line":153,"column":13}},"106":{"start":{"line":152,"column":16},"end":{"line":152,"column":57}},"107":{"start":{"line":154,"column":28},"end":{"line":154,"column":49}},"108":{"start":{"line":155,"column":20},"end":{"line":155,"column":21}},"109":{"start":{"line":156,"column":12},"end":{"line":162,"column":13}},"110":{"start":{"line":157,"column":26},"end":{"line":157,"column":60}},"111":{"start":{"line":158,"column":26},"end":{"line":158,"column":55}},"112":{"start":{"line":159,"column":16},"end":{"line":161,"column":17}},"113":{"start":{"line":160,"column":20},"end":{"line":160,"column":133}},"114":{"start":{"line":163,"column":12},"end":{"line":163,"column":103}},"115":{"start":{"line":165,"column":8},"end":{"line":167,"column":9}},"116":{"start":{"line":166,"column":12},"end":{"line":166,"column":70}},"117":{"start":{"line":168,"column":8},"end":{"line":168,"column":77}},"118":{"start":{"line":171,"column":25},"end":{"line":171,"column":29}},"119":{"start":{"line":172,"column":8},"end":{"line":216,"column":9}},"120":{"start":{"line":174,"column":32},"end":{"line":174,"column":87}},"121":{"start":{"line":175,"column":31},"end":{"line":175,"column":33}},"122":{"start":{"line":176,"column":16},"end":{"line":178,"column":17}},"123":{"start":{"line":177,"column":20},"end":{"line":177,"column":84}},"124":{"start":{"line":179,"column":16},"end":{"line":179,"column":30}},"125":{"start":{"line":182,"column":16},"end":{"line":182,"column":88}},"126":{"start":{"line":186,"column":33},"end":{"line":186,"column":76}},"127":{"start":{"line":187,"column":16},"end":{"line":189,"column":17}},"128":{"start":{"line":188,"column":20},"end":{"line":188,"column":37}},"129":{"start":{"line":190,"column":16},"end":{"line":195,"column":17}},"130":{"start":{"line":191,"column":20},"end":{"line":191,"column":88}},"131":{"start":{"line":194,"column":20},"end":{"line":194,"column":52}},"132":{"start":{"line":197,"column":33},"end":{"line":197,"column":76}},"133":{"start":{"line":198,"column":16},"end":{"line":200,"column":17}},"134":{"start":{"line":199,"column":20},"end":{"line":199,"column":37}},"135":{"start":{"line":201,"column":16},"end":{"line":206,"column":17}},"136":{"start":{"line":202,"column":20},"end":{"line":202,"column":88}},"137":{"start":{"line":205,"column":20},"end":{"line":205,"column":52}},"138":{"start":{"line":208,"column":16},"end":{"line":213,"column":17}},"139":{"start":{"line":209,"column":20},"end":{"line":209,"column":37}},"140":{"start":{"line":212,"column":20},"end":{"line":212,"column":86}},"141":{"start":{"line":215,"column":16},"end":{"line":215,"column":28}},"142":{"start":{"line":219,"column":25},"end":{"line":219,"column":29}},"143":{"start":{"line":220,"column":24},"end":{"line":220,"column":26}},"144":{"start":{"line":221,"column":26},"end":{"line":221,"column":28}},"145":{"start":{"line":222,"column":20},"end":{"line":222,"column":22}},"146":{"start":{"line":223,"column":24},"end":{"line":223,"column":26}},"147":{"start":{"line":224,"column":8},"end":{"line":226,"column":9}},"148":{"start":{"line":225,"column":12},"end":{"line":225,"column":39}},"149":{"start":{"line":227,"column":8},"end":{"line":266,"column":9}},"150":{"start":{"line":228,"column":12},"end":{"line":237,"column":15}},"151":{"start":{"line":229,"column":31},"end":{"line":229,"column":86}},"152":{"start":{"line":230,"column":16},"end":{"line":232,"column":17}},"153":{"start":{"line":231,"column":20},"end":{"line":231,"column":37}},"154":{"start":{"line":233,"column":16},"end":{"line":235,"column":17}},"155":{"start":{"line":234,"column":20},"end":{"line":234,"column":38}},"156":{"start":{"line":236,"column":16},"end":{"line":236,"column":39}},"157":{"start":{"line":238,"column":12},"end":{"line":248,"column":13}},"158":{"start":{"line":239,"column":16},"end":{"line":239,"column":76}},"159":{"start":{"line":240,"column":16},"end":{"line":247,"column":17}},"160":{"start":{"line":241,"column":20},"end":{"line":241,"column":37}},"161":{"start":{"line":244,"column":20},"end":{"line":246,"column":23}},"162":{"start":{"line":245,"column":24},"end":{"line":245,"column":108}},"163":{"start":{"line":250,"column":13},"end":{"line":266,"column":9}},"164":{"start":{"line":251,"column":12},"end":{"line":262,"column":15}},"165":{"start":{"line":252,"column":31},"end":{"line":252,"column":91}},"166":{"start":{"line":253,"column":16},"end":{"line":255,"column":17}},"167":{"start":{"line":254,"column":20},"end":{"line":254,"column":37}},"168":{"start":{"line":256,"column":16},"end":{"line":261,"column":17}},"169":{"start":{"line":257,"column":20},"end":{"line":257,"column":38}},"170":{"start":{"line":260,"column":20},"end":{"line":260,"column":68}},"171":{"start":{"line":265,"column":12},"end":{"line":265,"column":31}},"172":{"start":{"line":267,"column":8},"end":{"line":269,"column":9}},"173":{"start":{"line":268,"column":12},"end":{"line":268,"column":24}},"174":{"start":{"line":270,"column":8},"end":{"line":275,"column":9}},"175":{"start":{"line":271,"column":12},"end":{"line":271,"column":25}},"176":{"start":{"line":274,"column":12},"end":{"line":274,"column":31}},"177":{"start":{"line":278,"column":25},"end":{"line":278,"column":29}},"178":{"start":{"line":279,"column":24},"end":{"line":279,"column":26}},"179":{"start":{"line":280,"column":25},"end":{"line":280,"column":46}},"180":{"start":{"line":281,"column":20},"end":{"line":281,"column":42}},"181":{"start":{"line":282,"column":8},"end":{"line":284,"column":9}},"182":{"start":{"line":283,"column":12},"end":{"line":283,"column":24}},"183":{"start":{"line":285,"column":21},"end":{"line":285,"column":55}},"184":{"start":{"line":286,"column":19},"end":{"line":286,"column":41}},"185":{"start":{"line":287,"column":24},"end":{"line":287,"column":53}},"186":{"start":{"line":288,"column":22},"end":{"line":288,"column":37}},"187":{"start":{"line":289,"column":8},"end":{"line":291,"column":9}},"188":{"start":{"line":290,"column":12},"end":{"line":290,"column":36}},"189":{"start":{"line":292,"column":8},"end":{"line":312,"column":9}},"190":{"start":{"line":293,"column":12},"end":{"line":297,"column":13}},"191":{"start":{"line":294,"column":16},"end":{"line":296,"column":17}},"192":{"start":{"line":295,"column":20},"end":{"line":295,"column":85}},"193":{"start":{"line":299,"column":13},"end":{"line":312,"column":9}},"194":{"start":{"line":300,"column":12},"end":{"line":304,"column":13}},"195":{"start":{"line":301,"column":16},"end":{"line":303,"column":17}},"196":{"start":{"line":302,"column":20},"end":{"line":302,"column":85}},"197":{"start":{"line":306,"column":13},"end":{"line":312,"column":9}},"198":{"start":{"line":307,"column":12},"end":{"line":311,"column":13}},"199":{"start":{"line":308,"column":16},"end":{"line":310,"column":17}},"200":{"start":{"line":309,"column":20},"end":{"line":309,"column":85}},"201":{"start":{"line":313,"column":8},"end":{"line":313,"column":23}},"202":{"start":{"line":316,"column":25},"end":{"line":316,"column":29}},"203":{"start":{"line":317,"column":24},"end":{"line":317,"column":26}},"204":{"start":{"line":318,"column":25},"end":{"line":318,"column":46}},"205":{"start":{"line":319,"column":20},"end":{"line":319,"column":42}},"206":{"start":{"line":320,"column":8},"end":{"line":322,"column":9}},"207":{"start":{"line":321,"column":12},"end":{"line":321,"column":24}},"208":{"start":{"line":323,"column":21},"end":{"line":323,"column":55}},"209":{"start":{"line":324,"column":19},"end":{"line":324,"column":41}},"210":{"start":{"line":325,"column":24},"end":{"line":325,"column":53}},"211":{"start":{"line":326,"column":22},"end":{"line":326,"column":37}},"212":{"start":{"line":327,"column":24},"end":{"line":327,"column":26}},"213":{"start":{"line":328,"column":8},"end":{"line":330,"column":9}},"214":{"start":{"line":329,"column":12},"end":{"line":329,"column":30}},"215":{"start":{"line":331,"column":30},"end":{"line":331,"column":63}},"216":{"start":{"line":332,"column":28},"end":{"line":332,"column":45}},"217":{"start":{"line":333,"column":8},"end":{"line":383,"column":9}},"218":{"start":{"line":334,"column":12},"end":{"line":374,"column":13}},"219":{"start":{"line":335,"column":36},"end":{"line":335,"column":54}},"220":{"start":{"line":337,"column":16},"end":{"line":346,"column":17}},"221":{"start":{"line":339,"column":24},"end":{"line":339,"column":80}},"222":{"start":{"line":340,"column":24},"end":{"line":340,"column":30}},"223":{"start":{"line":342,"column":24},"end":{"line":342,"column":80}},"224":{"start":{"line":343,"column":24},"end":{"line":343,"column":30}},"225":{"start":{"line":345,"column":24},"end":{"line":345,"column":36}},"226":{"start":{"line":347,"column":16},"end":{"line":352,"column":17}},"227":{"start":{"line":348,"column":35},"end":{"line":348,"column":51}},"228":{"start":{"line":349,"column":20},"end":{"line":351,"column":21}},"229":{"start":{"line":350,"column":24},"end":{"line":350,"column":89}},"230":{"start":{"line":354,"column":17},"end":{"line":374,"column":13}},"231":{"start":{"line":355,"column":41},"end":{"line":355,"column":59}},"232":{"start":{"line":356,"column":40},"end":{"line":356,"column":62}},"233":{"start":{"line":357,"column":16},"end":{"line":369,"column":17}},"234":{"start":{"line":358,"column":41},"end":{"line":358,"column":73}},"235":{"start":{"line":359,"column":36},"end":{"line":359,"column":78}},"236":{"start":{"line":360,"column":20},"end":{"line":365,"column":21}},"237":{"start":{"line":361,"column":39},"end":{"line":361,"column":55}},"238":{"start":{"line":362,"column":24},"end":{"line":364,"column":25}},"239":{"start":{"line":363,"column":28},"end":{"line":363,"column":93}},"240":{"start":{"line":368,"column":20},"end":{"line":368,"column":32}},"241":{"start":{"line":372,"column":16},"end":{"line":372,"column":33}},"242":{"start":{"line":373,"column":16},"end":{"line":373,"column":28}},"243":{"start":{"line":377,"column":12},"end":{"line":382,"column":13}},"244":{"start":{"line":378,"column":31},"end":{"line":378,"column":47}},"245":{"start":{"line":379,"column":16},"end":{"line":381,"column":17}},"246":{"start":{"line":380,"column":20},"end":{"line":380,"column":85}},"247":{"start":{"line":384,"column":8},"end":{"line":389,"column":9}},"248":{"start":{"line":385,"column":12},"end":{"line":385,"column":24}},"249":{"start":{"line":388,"column":12},"end":{"line":388,"column":27}},"250":{"start":{"line":392,"column":25},"end":{"line":392,"column":29}},"251":{"start":{"line":393,"column":23},"end":{"line":393,"column":44}},"252":{"start":{"line":394,"column":24},"end":{"line":394,"column":68}},"253":{"start":{"line":395,"column":24},"end":{"line":395,"column":26}},"254":{"start":{"line":396,"column":8},"end":{"line":410,"column":9}},"255":{"start":{"line":397,"column":12},"end":{"line":397,"column":83}},"256":{"start":{"line":400,"column":34},"end":{"line":400,"column":82}},"257":{"start":{"line":401,"column":23},"end":{"line":401,"column":81}},"258":{"start":{"line":402,"column":28},"end":{"line":402,"column":57}},"259":{"start":{"line":403,"column":20},"end":{"line":403,"column":21}},"260":{"start":{"line":404,"column":12},"end":{"line":409,"column":13}},"261":{"start":{"line":405,"column":29},"end":{"line":405,"column":39}},"262":{"start":{"line":406,"column":16},"end":{"line":408,"column":17}},"263":{"start":{"line":407,"column":20},"end":{"line":407,"column":87}},"264":{"start":{"line":411,"column":8},"end":{"line":411,"column":25}},"265":{"start":{"line":414,"column":8},"end":{"line":424,"column":11}},"266":{"start":{"line":415,"column":29},"end":{"line":415,"column":33}},"267":{"start":{"line":416,"column":12},"end":{"line":416,"column":58}},"268":{"start":{"line":417,"column":12},"end":{"line":419,"column":13}},"269":{"start":{"line":418,"column":16},"end":{"line":418,"column":110}},"270":{"start":{"line":420,"column":12},"end":{"line":420,"column":51}},"271":{"start":{"line":421,"column":12},"end":{"line":423,"column":97}},"272":{"start":{"line":422,"column":32},"end":{"line":422,"column":118}},"273":{"start":{"line":423,"column":28},"end":{"line":423,"column":95}},"274":{"start":{"line":427,"column":25},"end":{"line":427,"column":29}},"275":{"start":{"line":428,"column":8},"end":{"line":437,"column":11}},"276":{"start":{"line":429,"column":12},"end":{"line":436,"column":15}},"277":{"start":{"line":430,"column":16},"end":{"line":435,"column":17}},"278":{"start":{"line":431,"column":20},"end":{"line":431,"column":39}},"279":{"start":{"line":434,"column":20},"end":{"line":434,"column":37}},"280":{"start":{"line":440,"column":0},"end":{"line":440,"column":32}}},"fnMap":{"0":{"name":"(anonymous_0)","decl":{"start":{"line":2,"column":44},"end":{"line":2,"column":45}},"loc":{"start":{"line":2,"column":89},"end":{"line":9,"column":1}},"line":2},"1":{"name":"(anonymous_1)","decl":{"start":{"line":3,"column":36},"end":{"line":3,"column":37}},"loc":{"start":{"line":3,"column":63},"end":{"line":8,"column":5}},"line":3},"2":{"name":"fulfilled","decl":{"start":{"line":4,"column":17},"end":{"line":4,"column":26}},"loc":{"start":{"line":4,"column":34},"end":{"line":4,"column":99}},"line":4},"3":{"name":"rejected","decl":{"start":{"line":5,"column":17},"end":{"line":5,"column":25}},"loc":{"start":{"line":5,"column":33},"end":{"line":5,"column":102}},"line":5},"4":{"name":"step","decl":{"start":{"line":6,"column":17},"end":{"line":6,"column":21}},"loc":{"start":{"line":6,"column":30},"end":{"line":6,"column":151}},"line":6},"5":{"name":"(anonymous_5)","decl":{"start":{"line":6,"column":76},"end":{"line":6,"column":77}},"loc":{"start":{"line":6,"column":95},"end":{"line":6,"column":121}},"line":6},"6":{"name":"(anonymous_6)","decl":{"start":{"line":19,"column":4},"end":{"line":19,"column":5}},"loc":{"start":{"line":19,"column":18},"end":{"line":28,"column":5}},"line":19},"7":{"name":"(anonymous_7)","decl":{"start":{"line":29,"column":4},"end":{"line":29,"column":5}},"loc":{"start":{"line":29,"column":34},"end":{"line":64,"column":5}},"line":29},"8":{"name":"(anonymous_8)","decl":{"start":{"line":30,"column":47},"end":{"line":30,"column":48}},"loc":{"start":{"line":30,"column":60},"end":{"line":63,"column":9}},"line":30},"9":{"name":"(anonymous_9)","decl":{"start":{"line":37,"column":88},"end":{"line":37,"column":89}},"loc":{"start":{"line":37,"column":94},"end":{"line":39,"column":13}},"line":37},"10":{"name":"(anonymous_10)","decl":{"start":{"line":44,"column":115},"end":{"line":44,"column":116}},"loc":{"start":{"line":44,"column":121},"end":{"line":46,"column":21}},"line":44},"11":{"name":"(anonymous_11)","decl":{"start":{"line":49,"column":113},"end":{"line":49,"column":114}},"loc":{"start":{"line":49,"column":119},"end":{"line":51,"column":21}},"line":49},"12":{"name":"(anonymous_12)","decl":{"start":{"line":57,"column":85},"end":{"line":57,"column":86}},"loc":{"start":{"line":57,"column":91},"end":{"line":59,"column":13}},"line":57},"13":{"name":"(anonymous_13)","decl":{"start":{"line":61,"column":23},"end":{"line":61,"column":24}},"loc":{"start":{"line":61,"column":29},"end":{"line":61,"column":115}},"line":61},"14":{"name":"(anonymous_14)","decl":{"start":{"line":62,"column":22},"end":{"line":62,"column":23}},"loc":{"start":{"line":62,"column":28},"end":{"line":62,"column":106}},"line":62},"15":{"name":"(anonymous_15)","decl":{"start":{"line":65,"column":4},"end":{"line":65,"column":5}},"loc":{"start":{"line":65,"column":22},"end":{"line":76,"column":5}},"line":65},"16":{"name":"(anonymous_16)","decl":{"start":{"line":70,"column":23},"end":{"line":70,"column":24}},"loc":{"start":{"line":70,"column":32},"end":{"line":70,"column":112}},"line":70},"17":{"name":"(anonymous_17)","decl":{"start":{"line":71,"column":22},"end":{"line":71,"column":23}},"loc":{"start":{"line":71,"column":28},"end":{"line":71,"column":108}},"line":71},"18":{"name":"(anonymous_18)","decl":{"start":{"line":77,"column":4},"end":{"line":77,"column":5}},"loc":{"start":{"line":77,"column":19},"end":{"line":84,"column":5}},"line":77},"19":{"name":"(anonymous_19)","decl":{"start":{"line":80,"column":54},"end":{"line":80,"column":55}},"loc":{"start":{"line":80,"column":63},"end":{"line":82,"column":9}},"line":80},"20":{"name":"(anonymous_20)","decl":{"start":{"line":85,"column":4},"end":{"line":85,"column":5}},"loc":{"start":{"line":85,"column":24},"end":{"line":169,"column":5}},"line":85},"21":{"name":"(anonymous_21)","decl":{"start":{"line":170,"column":4},"end":{"line":170,"column":5}},"loc":{"start":{"line":170,"column":49},"end":{"line":217,"column":5}},"line":170},"22":{"name":"(anonymous_22)","decl":{"start":{"line":218,"column":4},"end":{"line":218,"column":5}},"loc":{"start":{"line":218,"column":51},"end":{"line":276,"column":5}},"line":218},"23":{"name":"(anonymous_23)","decl":{"start":{"line":228,"column":22},"end":{"line":228,"column":23}},"loc":{"start":{"line":228,"column":29},"end":{"line":237,"column":13}},"line":228},"24":{"name":"(anonymous_24)","decl":{"start":{"line":244,"column":34},"end":{"line":244,"column":35}},"loc":{"start":{"line":244,"column":46},"end":{"line":246,"column":21}},"line":244},"25":{"name":"(anonymous_25)","decl":{"start":{"line":251,"column":22},"end":{"line":251,"column":23}},"loc":{"start":{"line":251,"column":29},"end":{"line":262,"column":13}},"line":251},"26":{"name":"(anonymous_26)","decl":{"start":{"line":277,"column":4},"end":{"line":277,"column":5}},"loc":{"start":{"line":277,"column":43},"end":{"line":314,"column":5}},"line":277},"27":{"name":"(anonymous_27)","decl":{"start":{"line":315,"column":4},"end":{"line":315,"column":5}},"loc":{"start":{"line":315,"column":43},"end":{"line":390,"column":5}},"line":315},"28":{"name":"(anonymous_28)","decl":{"start":{"line":391,"column":4},"end":{"line":391,"column":5}},"loc":{"start":{"line":391,"column":41},"end":{"line":412,"column":5}},"line":391},"29":{"name":"(anonymous_29)","decl":{"start":{"line":413,"column":4},"end":{"line":413,"column":5}},"loc":{"start":{"line":413,"column":36},"end":{"line":425,"column":5}},"line":413},"30":{"name":"(anonymous_30)","decl":{"start":{"line":414,"column":47},"end":{"line":414,"column":48}},"loc":{"start":{"line":414,"column":60},"end":{"line":424,"column":9}},"line":414},"31":{"name":"(anonymous_31)","decl":{"start":{"line":422,"column":23},"end":{"line":422,"column":24}},"loc":{"start":{"line":422,"column":32},"end":{"line":422,"column":118}},"line":422},"32":{"name":"(anonymous_32)","decl":{"start":{"line":423,"column":22},"end":{"line":423,"column":23}},"loc":{"start":{"line":423,"column":28},"end":{"line":423,"column":95}},"line":423},"33":{"name":"(anonymous_33)","decl":{"start":{"line":426,"column":4},"end":{"line":426,"column":5}},"loc":{"start":{"line":426,"column":41},"end":{"line":438,"column":5}},"line":426},"34":{"name":"(anonymous_34)","decl":{"start":{"line":428,"column":27},"end":{"line":428,"column":28}},"loc":{"start":{"line":428,"column":48},"end":{"line":437,"column":9}},"line":428},"35":{"name":"(anonymous_35)","decl":{"start":{"line":429,"column":47},"end":{"line":429,"column":48}},"loc":{"start":{"line":429,"column":56},"end":{"line":436,"column":13}},"line":429}},"branchMap":{"0":{"loc":{"start":{"line":2,"column":16},"end":{"line":9,"column":1}},"type":"binary-expr","locations":[{"start":{"line":2,"column":17},"end":{"line":2,"column":21}},{"start":{"line":2,"column":25},"end":{"line":2,"column":39}},{"start":{"line":2,"column":44},"end":{"line":9,"column":1}}],"line":2},"1":{"loc":{"start":{"line":3,"column":16},"end":{"line":3,"column":34}},"type":"binary-expr","locations":[{"start":{"line":3,"column":16},"end":{"line":3,"column":17}},{"start":{"line":3,"column":22},"end":{"line":3,"column":33}}],"line":3},"2":{"loc":{"start":{"line":6,"column":32},"end":{"line":6,"column":148}},"type":"cond-expr","locations":[{"start":{"line":6,"column":46},"end":{"line":6,"column":67}},{"start":{"line":6,"column":70},"end":{"line":6,"column":148}}],"line":6},"3":{"loc":{"start":{"line":7,"column":51},"end":{"line":7,"column":67}},"type":"binary-expr","locations":[{"start":{"line":7,"column":51},"end":{"line":7,"column":61}},{"start":{"line":7,"column":65},"end":{"line":7,"column":67}}],"line":7},"4":{"loc":{"start":{"line":34,"column":12},"end":{"line":36,"column":13}},"type":"if","locations":[{"start":{"line":34,"column":12},"end":{"line":36,"column":13}},{"start":{"line":34,"column":12},"end":{"line":36,"column":13}}],"line":34},"5":{"loc":{"start":{"line":42,"column":12},"end":{"line":55,"column":13}},"type":"switch","locations":[{"start":{"line":43,"column":16},"end":{"line":47,"column":26}},{"start":{"line":48,"column":16},"end":{"line":52,"column":26}},{"start":{"line":53,"column":16},"end":{"line":54,"column":102}}],"line":42},"6":{"loc":{"start":{"line":67,"column":8},"end":{"line":75,"column":9}},"type":"if","locations":[{"start":{"line":67,"column":8},"end":{"line":75,"column":9}},{"start":{"line":67,"column":8},"end":{"line":75,"column":9}}],"line":67},"7":{"loc":{"start":{"line":88,"column":8},"end":{"line":90,"column":9}},"type":"if","locations":[{"start":{"line":88,"column":8},"end":{"line":90,"column":9}},{"start":{"line":88,"column":8},"end":{"line":90,"column":9}}],"line":88},"8":{"loc":{"start":{"line":91,"column":8},"end":{"line":93,"column":9}},"type":"if","locations":[{"start":{"line":91,"column":8},"end":{"line":93,"column":9}},{"start":{"line":91,"column":8},"end":{"line":93,"column":9}}],"line":91},"9":{"loc":{"start":{"line":91,"column":12},"end":{"line":91,"column":42}},"type":"binary-expr","locations":[{"start":{"line":91,"column":12},"end":{"line":91,"column":24}},{"start":{"line":91,"column":28},"end":{"line":91,"column":42}}],"line":91},"10":{"loc":{"start":{"line":94,"column":8},"end":{"line":96,"column":9}},"type":"if","locations":[{"start":{"line":94,"column":8},"end":{"line":96,"column":9}},{"start":{"line":94,"column":8},"end":{"line":96,"column":9}}],"line":94},"11":{"loc":{"start":{"line":97,"column":8},"end":{"line":99,"column":9}},"type":"if","locations":[{"start":{"line":97,"column":8},"end":{"line":99,"column":9}},{"start":{"line":97,"column":8},"end":{"line":99,"column":9}}],"line":97},"12":{"loc":{"start":{"line":97,"column":12},"end":{"line":97,"column":117}},"type":"binary-expr","locations":[{"start":{"line":97,"column":12},"end":{"line":97,"column":31}},{"start":{"line":97,"column":35},"end":{"line":97,"column":59}},{"start":{"line":97,"column":63},"end":{"line":97,"column":117}}],"line":97},"13":{"loc":{"start":{"line":101,"column":8},"end":{"line":103,"column":9}},"type":"if","locations":[{"start":{"line":101,"column":8},"end":{"line":103,"column":9}},{"start":{"line":101,"column":8},"end":{"line":103,"column":9}}],"line":101},"14":{"loc":{"start":{"line":101,"column":14},"end":{"line":101,"column":62}},"type":"binary-expr","locations":[{"start":{"line":101,"column":14},"end":{"line":101,"column":23}},{"start":{"line":101,"column":27},"end":{"line":101,"column":62}}],"line":101},"15":{"loc":{"start":{"line":104,"column":8},"end":{"line":106,"column":9}},"type":"if","locations":[{"start":{"line":104,"column":8},"end":{"line":106,"column":9}},{"start":{"line":104,"column":8},"end":{"line":106,"column":9}}],"line":104},"16":{"loc":{"start":{"line":104,"column":74},"end":{"line":104,"column":132}},"type":"cond-expr","locations":[{"start":{"line":104,"column":98},"end":{"line":104,"column":125}},{"start":{"line":104,"column":128},"end":{"line":104,"column":132}}],"line":104},"17":{"loc":{"start":{"line":108,"column":8},"end":{"line":113,"column":9}},"type":"if","locations":[{"start":{"line":108,"column":8},"end":{"line":113,"column":9}},{"start":{"line":108,"column":8},"end":{"line":113,"column":9}}],"line":108},"18":{"loc":{"start":{"line":109,"column":49},"end":{"line":109,"column":99}},"type":"cond-expr","locations":[{"start":{"line":109,"column":64},"end":{"line":109,"column":69}},{"start":{"line":109,"column":72},"end":{"line":109,"column":99}}],"line":109},"19":{"loc":{"start":{"line":112,"column":49},"end":{"line":112,"column":99}},"type":"cond-expr","locations":[{"start":{"line":112,"column":64},"end":{"line":112,"column":69}},{"start":{"line":112,"column":72},"end":{"line":112,"column":99}}],"line":112},"20":{"loc":{"start":{"line":114,"column":8},"end":{"line":116,"column":9}},"type":"if","locations":[{"start":{"line":114,"column":8},"end":{"line":116,"column":9}},{"start":{"line":114,"column":8},"end":{"line":116,"column":9}}],"line":114},"21":{"loc":{"start":{"line":117,"column":8},"end":{"line":119,"column":9}},"type":"if","locations":[{"start":{"line":117,"column":8},"end":{"line":119,"column":9}},{"start":{"line":117,"column":8},"end":{"line":119,"column":9}}],"line":117},"22":{"loc":{"start":{"line":120,"column":8},"end":{"line":124,"column":9}},"type":"if","locations":[{"start":{"line":120,"column":8},"end":{"line":124,"column":9}},{"start":{"line":120,"column":8},"end":{"line":124,"column":9}}],"line":120},"23":{"loc":{"start":{"line":125,"column":8},"end":{"line":127,"column":9}},"type":"if","locations":[{"start":{"line":125,"column":8},"end":{"line":127,"column":9}},{"start":{"line":125,"column":8},"end":{"line":127,"column":9}}],"line":125},"24":{"loc":{"start":{"line":128,"column":8},"end":{"line":132,"column":9}},"type":"if","locations":[{"start":{"line":128,"column":8},"end":{"line":132,"column":9}},{"start":{"line":128,"column":8},"end":{"line":132,"column":9}}],"line":128},"25":{"loc":{"start":{"line":133,"column":8},"end":{"line":137,"column":9}},"type":"if","locations":[{"start":{"line":133,"column":8},"end":{"line":137,"column":9}},{"start":{"line":133,"column":8},"end":{"line":137,"column":9}}],"line":133},"26":{"loc":{"start":{"line":138,"column":8},"end":{"line":145,"column":9}},"type":"if","locations":[{"start":{"line":138,"column":8},"end":{"line":145,"column":9}},{"start":{"line":138,"column":8},"end":{"line":145,"column":9}}],"line":138},"27":{"loc":{"start":{"line":139,"column":12},"end":{"line":144,"column":13}},"type":"if","locations":[{"start":{"line":139,"column":12},"end":{"line":144,"column":13}},{"start":{"line":139,"column":12},"end":{"line":144,"column":13}}],"line":139},"28":{"loc":{"start":{"line":139,"column":16},"end":{"line":139,"column":67}},"type":"binary-expr","locations":[{"start":{"line":139,"column":16},"end":{"line":139,"column":39}},{"start":{"line":139,"column":43},"end":{"line":139,"column":67}}],"line":139},"29":{"loc":{"start":{"line":146,"column":8},"end":{"line":164,"column":9}},"type":"if","locations":[{"start":{"line":146,"column":8},"end":{"line":164,"column":9}},{"start":{"line":146,"column":8},"end":{"line":164,"column":9}}],"line":146},"30":{"loc":{"start":{"line":159,"column":16},"end":{"line":161,"column":17}},"type":"if","locations":[{"start":{"line":159,"column":16},"end":{"line":161,"column":17}},{"start":{"line":159,"column":16},"end":{"line":161,"column":17}}],"line":159},"31":{"loc":{"start":{"line":159,"column":20},"end":{"line":159,"column":38}},"type":"binary-expr","locations":[{"start":{"line":159,"column":21},"end":{"line":159,"column":26}},{"start":{"line":159,"column":32},"end":{"line":159,"column":37}}],"line":159},"32":{"loc":{"start":{"line":165,"column":8},"end":{"line":167,"column":9}},"type":"if","locations":[{"start":{"line":165,"column":8},"end":{"line":167,"column":9}},{"start":{"line":165,"column":8},"end":{"line":167,"column":9}}],"line":165},"33":{"loc":{"start":{"line":172,"column":8},"end":{"line":216,"column":9}},"type":"switch","locations":[{"start":{"line":173,"column":12},"end":{"line":179,"column":30}},{"start":{"line":180,"column":12},"end":{"line":180,"column":23}},{"start":{"line":181,"column":12},"end":{"line":182,"column":88}},{"start":{"line":183,"column":12},"end":{"line":183,"column":22}},{"start":{"line":184,"column":12},"end":{"line":184,"column":22}},{"start":{"line":185,"column":12},"end":{"line":195,"column":17}},{"start":{"line":196,"column":12},"end":{"line":206,"column":17}},{"start":{"line":207,"column":12},"end":{"line":213,"column":17}},{"start":{"line":214,"column":12},"end":{"line":215,"column":28}}],"line":172},"34":{"loc":{"start":{"line":187,"column":16},"end":{"line":189,"column":17}},"type":"if","locations":[{"start":{"line":187,"column":16},"end":{"line":189,"column":17}},{"start":{"line":187,"column":16},"end":{"line":189,"column":17}}],"line":187},"35":{"loc":{"start":{"line":190,"column":16},"end":{"line":195,"column":17}},"type":"if","locations":[{"start":{"line":190,"column":16},"end":{"line":195,"column":17}},{"start":{"line":190,"column":16},"end":{"line":195,"column":17}}],"line":190},"36":{"loc":{"start":{"line":198,"column":16},"end":{"line":200,"column":17}},"type":"if","locations":[{"start":{"line":198,"column":16},"end":{"line":200,"column":17}},{"start":{"line":198,"column":16},"end":{"line":200,"column":17}}],"line":198},"37":{"loc":{"start":{"line":201,"column":16},"end":{"line":206,"column":17}},"type":"if","locations":[{"start":{"line":201,"column":16},"end":{"line":206,"column":17}},{"start":{"line":201,"column":16},"end":{"line":206,"column":17}}],"line":201},"38":{"loc":{"start":{"line":208,"column":16},"end":{"line":213,"column":17}},"type":"if","locations":[{"start":{"line":208,"column":16},"end":{"line":213,"column":17}},{"start":{"line":208,"column":16},"end":{"line":213,"column":17}}],"line":208},"39":{"loc":{"start":{"line":224,"column":8},"end":{"line":226,"column":9}},"type":"if","locations":[{"start":{"line":224,"column":8},"end":{"line":226,"column":9}},{"start":{"line":224,"column":8},"end":{"line":226,"column":9}}],"line":224},"40":{"loc":{"start":{"line":227,"column":8},"end":{"line":266,"column":9}},"type":"if","locations":[{"start":{"line":227,"column":8},"end":{"line":266,"column":9}},{"start":{"line":227,"column":8},"end":{"line":266,"column":9}}],"line":227},"41":{"loc":{"start":{"line":230,"column":16},"end":{"line":232,"column":17}},"type":"if","locations":[{"start":{"line":230,"column":16},"end":{"line":232,"column":17}},{"start":{"line":230,"column":16},"end":{"line":232,"column":17}}],"line":230},"42":{"loc":{"start":{"line":233,"column":16},"end":{"line":235,"column":17}},"type":"if","locations":[{"start":{"line":233,"column":16},"end":{"line":235,"column":17}},{"start":{"line":233,"column":16},"end":{"line":235,"column":17}}],"line":233},"43":{"loc":{"start":{"line":233,"column":20},"end":{"line":233,"column":69}},"type":"binary-expr","locations":[{"start":{"line":233,"column":20},"end":{"line":233,"column":35}},{"start":{"line":233,"column":39},"end":{"line":233,"column":69}}],"line":233},"44":{"loc":{"start":{"line":238,"column":12},"end":{"line":248,"column":13}},"type":"if","locations":[{"start":{"line":238,"column":12},"end":{"line":248,"column":13}},{"start":{"line":238,"column":12},"end":{"line":248,"column":13}}],"line":238},"45":{"loc":{"start":{"line":240,"column":16},"end":{"line":247,"column":17}},"type":"if","locations":[{"start":{"line":240,"column":16},"end":{"line":247,"column":17}},{"start":{"line":240,"column":16},"end":{"line":247,"column":17}}],"line":240},"46":{"loc":{"start":{"line":250,"column":13},"end":{"line":266,"column":9}},"type":"if","locations":[{"start":{"line":250,"column":13},"end":{"line":266,"column":9}},{"start":{"line":250,"column":13},"end":{"line":266,"column":9}}],"line":250},"47":{"loc":{"start":{"line":253,"column":16},"end":{"line":255,"column":17}},"type":"if","locations":[{"start":{"line":253,"column":16},"end":{"line":255,"column":17}},{"start":{"line":253,"column":16},"end":{"line":255,"column":17}}],"line":253},"48":{"loc":{"start":{"line":256,"column":16},"end":{"line":261,"column":17}},"type":"if","locations":[{"start":{"line":256,"column":16},"end":{"line":261,"column":17}},{"start":{"line":256,"column":16},"end":{"line":261,"column":17}}],"line":256},"49":{"loc":{"start":{"line":256,"column":20},"end":{"line":256,"column":69}},"type":"binary-expr","locations":[{"start":{"line":256,"column":20},"end":{"line":256,"column":35}},{"start":{"line":256,"column":39},"end":{"line":256,"column":69}}],"line":256},"50":{"loc":{"start":{"line":267,"column":8},"end":{"line":269,"column":9}},"type":"if","locations":[{"start":{"line":267,"column":8},"end":{"line":269,"column":9}},{"start":{"line":267,"column":8},"end":{"line":269,"column":9}}],"line":267},"51":{"loc":{"start":{"line":270,"column":8},"end":{"line":275,"column":9}},"type":"if","locations":[{"start":{"line":270,"column":8},"end":{"line":275,"column":9}},{"start":{"line":270,"column":8},"end":{"line":275,"column":9}}],"line":270},"52":{"loc":{"start":{"line":282,"column":8},"end":{"line":284,"column":9}},"type":"if","locations":[{"start":{"line":282,"column":8},"end":{"line":284,"column":9}},{"start":{"line":282,"column":8},"end":{"line":284,"column":9}}],"line":282},"53":{"loc":{"start":{"line":289,"column":8},"end":{"line":291,"column":9}},"type":"if","locations":[{"start":{"line":289,"column":8},"end":{"line":291,"column":9}},{"start":{"line":289,"column":8},"end":{"line":291,"column":9}}],"line":289},"54":{"loc":{"start":{"line":292,"column":8},"end":{"line":312,"column":9}},"type":"if","locations":[{"start":{"line":292,"column":8},"end":{"line":312,"column":9}},{"start":{"line":292,"column":8},"end":{"line":312,"column":9}}],"line":292},"55":{"loc":{"start":{"line":294,"column":16},"end":{"line":296,"column":17}},"type":"if","locations":[{"start":{"line":294,"column":16},"end":{"line":296,"column":17}},{"start":{"line":294,"column":16},"end":{"line":296,"column":17}}],"line":294},"56":{"loc":{"start":{"line":299,"column":13},"end":{"line":312,"column":9}},"type":"if","locations":[{"start":{"line":299,"column":13},"end":{"line":312,"column":9}},{"start":{"line":299,"column":13},"end":{"line":312,"column":9}}],"line":299},"57":{"loc":{"start":{"line":301,"column":16},"end":{"line":303,"column":17}},"type":"if","locations":[{"start":{"line":301,"column":16},"end":{"line":303,"column":17}},{"start":{"line":301,"column":16},"end":{"line":303,"column":17}}],"line":301},"58":{"loc":{"start":{"line":306,"column":13},"end":{"line":312,"column":9}},"type":"if","locations":[{"start":{"line":306,"column":13},"end":{"line":312,"column":9}},{"start":{"line":306,"column":13},"end":{"line":312,"column":9}}],"line":306},"59":{"loc":{"start":{"line":308,"column":16},"end":{"line":310,"column":17}},"type":"if","locations":[{"start":{"line":308,"column":16},"end":{"line":310,"column":17}},{"start":{"line":308,"column":16},"end":{"line":310,"column":17}}],"line":308},"60":{"loc":{"start":{"line":320,"column":8},"end":{"line":322,"column":9}},"type":"if","locations":[{"start":{"line":320,"column":8},"end":{"line":322,"column":9}},{"start":{"line":320,"column":8},"end":{"line":322,"column":9}}],"line":320},"61":{"loc":{"start":{"line":328,"column":8},"end":{"line":330,"column":9}},"type":"if","locations":[{"start":{"line":328,"column":8},"end":{"line":330,"column":9}},{"start":{"line":328,"column":8},"end":{"line":330,"column":9}}],"line":328},"62":{"loc":{"start":{"line":333,"column":8},"end":{"line":383,"column":9}},"type":"if","locations":[{"start":{"line":333,"column":8},"end":{"line":383,"column":9}},{"start":{"line":333,"column":8},"end":{"line":383,"column":9}}],"line":333},"63":{"loc":{"start":{"line":334,"column":12},"end":{"line":374,"column":13}},"type":"if","locations":[{"start":{"line":334,"column":12},"end":{"line":374,"column":13}},{"start":{"line":334,"column":12},"end":{"line":374,"column":13}}],"line":334},"64":{"loc":{"start":{"line":337,"column":16},"end":{"line":346,"column":17}},"type":"switch","locations":[{"start":{"line":338,"column":20},"end":{"line":340,"column":30}},{"start":{"line":341,"column":20},"end":{"line":343,"column":30}},{"start":{"line":344,"column":20},"end":{"line":345,"column":36}}],"line":337},"65":{"loc":{"start":{"line":349,"column":20},"end":{"line":351,"column":21}},"type":"if","locations":[{"start":{"line":349,"column":20},"end":{"line":351,"column":21}},{"start":{"line":349,"column":20},"end":{"line":351,"column":21}}],"line":349},"66":{"loc":{"start":{"line":354,"column":17},"end":{"line":374,"column":13}},"type":"if","locations":[{"start":{"line":354,"column":17},"end":{"line":374,"column":13}},{"start":{"line":354,"column":17},"end":{"line":374,"column":13}}],"line":354},"67":{"loc":{"start":{"line":357,"column":16},"end":{"line":369,"column":17}},"type":"if","locations":[{"start":{"line":357,"column":16},"end":{"line":369,"column":17}},{"start":{"line":357,"column":16},"end":{"line":369,"column":17}}],"line":357},"68":{"loc":{"start":{"line":357,"column":20},"end":{"line":357,"column":82}},"type":"binary-expr","locations":[{"start":{"line":357,"column":20},"end":{"line":357,"column":42}},{"start":{"line":357,"column":46},"end":{"line":357,"column":82}}],"line":357},"69":{"loc":{"start":{"line":362,"column":24},"end":{"line":364,"column":25}},"type":"if","locations":[{"start":{"line":362,"column":24},"end":{"line":364,"column":25}},{"start":{"line":362,"column":24},"end":{"line":364,"column":25}}],"line":362},"70":{"loc":{"start":{"line":379,"column":16},"end":{"line":381,"column":17}},"type":"if","locations":[{"start":{"line":379,"column":16},"end":{"line":381,"column":17}},{"start":{"line":379,"column":16},"end":{"line":381,"column":17}}],"line":379},"71":{"loc":{"start":{"line":384,"column":8},"end":{"line":389,"column":9}},"type":"if","locations":[{"start":{"line":384,"column":8},"end":{"line":389,"column":9}},{"start":{"line":384,"column":8},"end":{"line":389,"column":9}}],"line":384},"72":{"loc":{"start":{"line":396,"column":8},"end":{"line":410,"column":9}},"type":"if","locations":[{"start":{"line":396,"column":8},"end":{"line":410,"column":9}},{"start":{"line":396,"column":8},"end":{"line":410,"column":9}}],"line":396},"73":{"loc":{"start":{"line":406,"column":16},"end":{"line":408,"column":17}},"type":"if","locations":[{"start":{"line":406,"column":16},"end":{"line":408,"column":17}},{"start":{"line":406,"column":16},"end":{"line":408,"column":17}}],"line":406},"74":{"loc":{"start":{"line":417,"column":12},"end":{"line":419,"column":13}},"type":"if","locations":[{"start":{"line":417,"column":12},"end":{"line":419,"column":13}},{"start":{"line":417,"column":12},"end":{"line":419,"column":13}}],"line":417},"75":{"loc":{"start":{"line":430,"column":16},"end":{"line":435,"column":17}},"type":"if","locations":[{"start":{"line":430,"column":16},"end":{"line":435,"column":17}},{"start":{"line":430,"column":16},"end":{"line":435,"column":17}}],"line":430}},"s":{"0":1,"1":27,"2":34,"3":34,"4":0,"5":5,"6":5,"7":5,"8":61,"9":39,"10":27,"11":1,"12":1,"13":1,"14":1,"15":1,"16":1,"17":1,"18":1,"19":8,"20":8,"21":8,"22":8,"23":2,"24":15,"25":15,"26":15,"27":15,"28":15,"29":1,"30":14,"31":1,"32":13,"33":13,"34":10,"35":1,"36":9,"37":3,"38":0,"39":3,"40":0,"41":12,"42":12,"43":3,"44":9,"45":0,"46":9,"47":9,"48":9,"49":8,"50":8,"51":0,"52":8,"53":1,"54":6,"55":6,"56":6,"57":6,"58":6,"59":5,"60":5,"61":5,"62":1,"63":4,"64":1,"65":3,"66":0,"67":3,"68":0,"69":3,"70":3,"71":1,"72":2,"73":0,"74":2,"75":2,"76":0,"77":2,"78":2,"79":0,"80":2,"81":0,"82":2,"83":0,"84":0,"85":0,"86":2,"87":0,"88":2,"89":0,"90":0,"91":0,"92":2,"93":0,"94":0,"95":0,"96":2,"97":2,"98":0,"99":2,"100":2,"101":0,"102":0,"103":0,"104":0,"105":0,"106":0,"107":0,"108":0,"109":0,"110":0,"111":0,"112":0,"113":0,"114":0,"115":2,"116":0,"117":2,"118":2,"119":2,"120":1,"121":1,"122":1,"123":64612,"124":1,"125":0,"126":1,"127":1,"128":0,"129":1,"130":1,"131":0,"132":0,"133":0,"134":0,"135":0,"136":0,"137":0,"138":0,"139":0,"140":0,"141":0,"142":0,"143":0,"144":0,"145":0,"146":0,"147":0,"148":0,"149":0,"150":0,"151":0,"152":0,"153":0,"154":0,"155":0,"156":0,"157":0,"158":0,"159":0,"160":0,"161":0,"162":0,"163":0,"164":0,"165":0,"166":0,"167":0,"168":0,"169":0,"170":0,"171":0,"172":0,"173":0,"174":0,"175":0,"176":0,"177":1,"178":1,"179":1,"180":1,"181":1,"182":0,"183":1,"184":1,"185":1,"186":1,"187":1,"188":0,"189":1,"190":1,"191":64612,"192":3127,"193":0,"194":0,"195":0,"196":0,"197":0,"198":0,"199":0,"200":0,"201":1,"202":0,"203":0,"204":0,"205":0,"206":0,"207":0,"208":0,"209":0,"210":0,"211":0,"212":0,"213":0,"214":0,"215":0,"216":0,"217":0,"218":0,"219":0,"220":0,"221":0,"222":0,"223":0,"224":0,"225":0,"226":0,"227":0,"228":0,"229":0,"230":0,"231":0,"232":0,"233":0,"234":0,"235":0,"236":0,"237":0,"238":0,"239":0,"240":0,"241":0,"242":0,"243":0,"244":0,"245":0,"246":0,"247":0,"248":0,"249":0,"250":0,"251":0,"252":0,"253":0,"254":0,"255":0,"256":0,"257":0,"258":0,"259":0,"260":0,"261":0,"262":0,"263":0,"264":0,"265":12,"266":12,"267":12,"268":12,"269":3,"270":9,"271":9,"272":0,"273":9,"274":17,"275":17,"276":17,"277":17,"278":0,"279":17,"280":1},"f":{"0":27,"1":27,"2":34,"3":5,"4":61,"5":39,"6":8,"7":15,"8":15,"9":1,"10":1,"11":0,"12":3,"13":0,"14":9,"15":9,"16":0,"17":8,"18":6,"19":6,"20":5,"21":2,"22":0,"23":0,"24":0,"25":0,"26":1,"27":0,"28":0,"29":12,"30":12,"31":0,"32":9,"33":17,"34":17,"35":17},"b":{"0":[1,1,1],"1":[27,27],"2":[22,39],"3":[27,27],"4":[1,14],"5":[10,3,0],"6":[8,1],"7":[1,4],"8":[1,3],"9":[4,3],"10":[0,3],"11":[0,3],"12":[3,3,3],"13":[1,2],"14":[3,3],"15":[0,2],"16":[0,2],"17":[0,2],"18":[0,0],"19":[1,1],"20":[0,2],"21":[0,2],"22":[0,2],"23":[0,2],"24":[0,2],"25":[0,2],"26":[2,0],"27":[0,2],"28":[2,0],"29":[0,2],"30":[0,0],"31":[0,0],"32":[0,2],"33":[1,0,0,0,0,1,0,0,0],"34":[0,1],"35":[1,0],"36":[0,0],"37":[0,0],"38":[0,0],"39":[0,0],"40":[0,0],"41":[0,0],"42":[0,0],"43":[0,0],"44":[0,0],"45":[0,0],"46":[0,0],"47":[0,0],"48":[0,0],"49":[0,0],"50":[0,0],"51":[0,0],"52":[0,1],"53":[0,1],"54":[1,0],"55":[3127,61485],"56":[0,0],"57":[0,0],"58":[0,0],"59":[0,0],"60":[0,0],"61":[0,0],"62":[0,0],"63":[0,0],"64":[0,0,0],"65":[0,0],"66":[0,0],"67":[0,0],"68":[0,0],"69":[0,0],"70":[0,0],"71":[0,0],"72":[0,0],"73":[0,0],"74":[3,9],"75":[0,17]},"_coverageSchema":"332fd63041d2c1bcb487cc26dd0d5f7d97098a6c","hash":"7fbf936b8e6f1c3c01c49c2a2a124f2862c0f135","contentHash":"28a10516f4c73a41149407aad63f8da3_11.3.0"},"C:\\Users\\Juliane Yamasaki\\Desktop\\CPSC310\\d1_team15\\src\\CoursesDataset.js":{"path":"C:\\Users\\Juliane Yamasaki\\Desktop\\CPSC310\\d1_team15\\src\\CoursesDataset.js","statementMap":{"0":{"start":{"line":2,"column":16},"end":{"line":9,"column":1}},"1":{"start":{"line":3,"column":4},"end":{"line":8,"column":7}},"2":{"start":{"line":4,"column":36},"end":{"line":4,"column":97}},"3":{"start":{"line":4,"column":42},"end":{"line":4,"column":70}},"4":{"start":{"line":4,"column":85},"end":{"line":4,"column":95}},"5":{"start":{"line":5,"column":35},"end":{"line":5,"column":100}},"6":{"start":{"line":5,"column":41},"end":{"line":5,"column":73}},"7":{"start":{"line":5,"column":88},"end":{"line":5,"column":98}},"8":{"start":{"line":6,"column":32},"end":{"line":6,"column":149}},"9":{"start":{"line":6,"column":97},"end":{"line":6,"column":119}},"10":{"start":{"line":7,"column":8},"end":{"line":7,"column":78}},"11":{"start":{"line":10,"column":0},"end":{"line":10,"column":62}},"12":{"start":{"line":13,"column":8},"end":{"line":22,"column":11}},"13":{"start":{"line":14,"column":28},"end":{"line":14,"column":58}},"14":{"start":{"line":15,"column":12},"end":{"line":17,"column":13}},"15":{"start":{"line":16,"column":16},"end":{"line":16,"column":48}},"16":{"start":{"line":18,"column":12},"end":{"line":21,"column":15}},"17":{"start":{"line":25,"column":8},"end":{"line":45,"column":11}},"18":{"start":{"line":26,"column":25},"end":{"line":26,"column":27}},"19":{"start":{"line":27,"column":32},"end":{"line":27,"column":34}},"20":{"start":{"line":28,"column":12},"end":{"line":38,"column":15}},"21":{"start":{"line":29,"column":35},"end":{"line":36,"column":18}},"22":{"start":{"line":31,"column":20},"end":{"line":35,"column":21}},"23":{"start":{"line":32,"column":24},"end":{"line":34,"column":27}},"24":{"start":{"line":33,"column":28},"end":{"line":33,"column":47}},"25":{"start":{"line":37,"column":16},"end":{"line":37,"column":45}},"26":{"start":{"line":39,"column":12},"end":{"line":44,"column":15}},"27":{"start":{"line":41,"column":16},"end":{"line":41,"column":43}},"28":{"start":{"line":43,"column":16},"end":{"line":43,"column":45}},"29":{"start":{"line":48,"column":8},"end":{"line":76,"column":11}},"30":{"start":{"line":49,"column":29},"end":{"line":49,"column":31}},"31":{"start":{"line":50,"column":12},"end":{"line":75,"column":15}},"32":{"start":{"line":51,"column":27},"end":{"line":51,"column":55}},"33":{"start":{"line":52,"column":34},"end":{"line":52,"column":56}},"34":{"start":{"line":53,"column":33},"end":{"line":53,"column":60}},"35":{"start":{"line":54,"column":16},"end":{"line":74,"column":17}},"36":{"start":{"line":55,"column":33},"end":{"line":55,"column":53}},"37":{"start":{"line":56,"column":35},"end":{"line":56,"column":67}},"38":{"start":{"line":57,"column":20},"end":{"line":69,"column":21}},"39":{"start":{"line":58,"column":24},"end":{"line":68,"column":27}},"40":{"start":{"line":59,"column":28},"end":{"line":59,"column":58}},"41":{"start":{"line":60,"column":28},"end":{"line":60,"column":52}},"42":{"start":{"line":61,"column":28},"end":{"line":66,"column":29}},"43":{"start":{"line":62,"column":32},"end":{"line":62,"column":51}},"44":{"start":{"line":65,"column":32},"end":{"line":65,"column":72}},"45":{"start":{"line":67,"column":28},"end":{"line":67,"column":47}},"46":{"start":{"line":70,"column":20},"end":{"line":70,"column":53}},"47":{"start":{"line":73,"column":20},"end":{"line":73,"column":53}},"48":{"start":{"line":79,"column":0},"end":{"line":79,"column":33}}},"fnMap":{"0":{"name":"(anonymous_0)","decl":{"start":{"line":2,"column":44},"end":{"line":2,"column":45}},"loc":{"start":{"line":2,"column":89},"end":{"line":9,"column":1}},"line":2},"1":{"name":"(anonymous_1)","decl":{"start":{"line":3,"column":36},"end":{"line":3,"column":37}},"loc":{"start":{"line":3,"column":63},"end":{"line":8,"column":5}},"line":3},"2":{"name":"fulfilled","decl":{"start":{"line":4,"column":17},"end":{"line":4,"column":26}},"loc":{"start":{"line":4,"column":34},"end":{"line":4,"column":99}},"line":4},"3":{"name":"rejected","decl":{"start":{"line":5,"column":17},"end":{"line":5,"column":25}},"loc":{"start":{"line":5,"column":33},"end":{"line":5,"column":102}},"line":5},"4":{"name":"step","decl":{"start":{"line":6,"column":17},"end":{"line":6,"column":21}},"loc":{"start":{"line":6,"column":30},"end":{"line":6,"column":151}},"line":6},"5":{"name":"(anonymous_5)","decl":{"start":{"line":6,"column":76},"end":{"line":6,"column":77}},"loc":{"start":{"line":6,"column":95},"end":{"line":6,"column":121}},"line":6},"6":{"name":"(anonymous_6)","decl":{"start":{"line":12,"column":4},"end":{"line":12,"column":5}},"loc":{"start":{"line":12,"column":40},"end":{"line":23,"column":5}},"line":12},"7":{"name":"(anonymous_7)","decl":{"start":{"line":13,"column":47},"end":{"line":13,"column":48}},"loc":{"start":{"line":13,"column":60},"end":{"line":22,"column":9}},"line":13},"8":{"name":"(anonymous_8)","decl":{"start":{"line":24,"column":4},"end":{"line":24,"column":5}},"loc":{"start":{"line":24,"column":34},"end":{"line":46,"column":5}},"line":24},"9":{"name":"(anonymous_9)","decl":{"start":{"line":25,"column":47},"end":{"line":25,"column":48}},"loc":{"start":{"line":25,"column":60},"end":{"line":45,"column":9}},"line":25},"10":{"name":"(anonymous_10)","decl":{"start":{"line":28,"column":32},"end":{"line":28,"column":33}},"loc":{"start":{"line":28,"column":56},"end":{"line":38,"column":13}},"line":28},"11":{"name":"(anonymous_11)","decl":{"start":{"line":30,"column":26},"end":{"line":30,"column":27}},"loc":{"start":{"line":30,"column":40},"end":{"line":36,"column":17}},"line":30},"12":{"name":"(anonymous_12)","decl":{"start":{"line":32,"column":37},"end":{"line":32,"column":38}},"loc":{"start":{"line":32,"column":50},"end":{"line":34,"column":25}},"line":32},"13":{"name":"(anonymous_13)","decl":{"start":{"line":40,"column":23},"end":{"line":40,"column":24}},"loc":{"start":{"line":40,"column":29},"end":{"line":42,"column":13}},"line":40},"14":{"name":"(anonymous_14)","decl":{"start":{"line":42,"column":20},"end":{"line":42,"column":21}},"loc":{"start":{"line":42,"column":26},"end":{"line":44,"column":13}},"line":42},"15":{"name":"(anonymous_15)","decl":{"start":{"line":47,"column":4},"end":{"line":47,"column":5}},"loc":{"start":{"line":47,"column":34},"end":{"line":77,"column":5}},"line":47},"16":{"name":"(anonymous_16)","decl":{"start":{"line":48,"column":47},"end":{"line":48,"column":48}},"loc":{"start":{"line":48,"column":60},"end":{"line":76,"column":9}},"line":48},"17":{"name":"(anonymous_17)","decl":{"start":{"line":50,"column":43},"end":{"line":50,"column":44}},"loc":{"start":{"line":50,"column":57},"end":{"line":75,"column":13}},"line":50},"18":{"name":"(anonymous_18)","decl":{"start":{"line":58,"column":40},"end":{"line":58,"column":41}},"loc":{"start":{"line":58,"column":49},"end":{"line":68,"column":25}},"line":58}},"branchMap":{"0":{"loc":{"start":{"line":2,"column":16},"end":{"line":9,"column":1}},"type":"binary-expr","locations":[{"start":{"line":2,"column":17},"end":{"line":2,"column":21}},{"start":{"line":2,"column":25},"end":{"line":2,"column":39}},{"start":{"line":2,"column":44},"end":{"line":9,"column":1}}],"line":2},"1":{"loc":{"start":{"line":3,"column":16},"end":{"line":3,"column":34}},"type":"binary-expr","locations":[{"start":{"line":3,"column":16},"end":{"line":3,"column":17}},{"start":{"line":3,"column":22},"end":{"line":3,"column":33}}],"line":3},"2":{"loc":{"start":{"line":6,"column":32},"end":{"line":6,"column":148}},"type":"cond-expr","locations":[{"start":{"line":6,"column":46},"end":{"line":6,"column":67}},{"start":{"line":6,"column":70},"end":{"line":6,"column":148}}],"line":6},"3":{"loc":{"start":{"line":7,"column":51},"end":{"line":7,"column":67}},"type":"binary-expr","locations":[{"start":{"line":7,"column":51},"end":{"line":7,"column":61}},{"start":{"line":7,"column":65},"end":{"line":7,"column":67}}],"line":7},"4":{"loc":{"start":{"line":15,"column":12},"end":{"line":17,"column":13}},"type":"if","locations":[{"start":{"line":15,"column":12},"end":{"line":17,"column":13}},{"start":{"line":15,"column":12},"end":{"line":17,"column":13}}],"line":15},"5":{"loc":{"start":{"line":31,"column":20},"end":{"line":35,"column":21}},"type":"if","locations":[{"start":{"line":31,"column":20},"end":{"line":35,"column":21}},{"start":{"line":31,"column":20},"end":{"line":35,"column":21}}],"line":31},"6":{"loc":{"start":{"line":54,"column":16},"end":{"line":74,"column":17}},"type":"if","locations":[{"start":{"line":54,"column":16},"end":{"line":74,"column":17}},{"start":{"line":54,"column":16},"end":{"line":74,"column":17}}],"line":54},"7":{"loc":{"start":{"line":56,"column":35},"end":{"line":56,"column":67}},"type":"cond-expr","locations":[{"start":{"line":56,"column":49},"end":{"line":56,"column":60}},{"start":{"line":56,"column":63},"end":{"line":56,"column":67}}],"line":56},"8":{"loc":{"start":{"line":57,"column":20},"end":{"line":69,"column":21}},"type":"if","locations":[{"start":{"line":57,"column":20},"end":{"line":69,"column":21}},{"start":{"line":57,"column":20},"end":{"line":69,"column":21}}],"line":57},"9":{"loc":{"start":{"line":61,"column":28},"end":{"line":66,"column":29}},"type":"if","locations":[{"start":{"line":61,"column":28},"end":{"line":66,"column":29}},{"start":{"line":61,"column":28},"end":{"line":66,"column":29}}],"line":61}},"s":{"0":1,"1":35699,"2":18,"3":18,"4":0,"5":0,"6":0,"7":0,"8":35717,"9":18,"10":35699,"11":1,"12":10,"13":10,"14":10,"15":1,"16":9,"17":9,"18":9,"19":9,"20":9,"21":35680,"22":35680,"23":21534,"24":387672,"25":35680,"26":9,"27":0,"28":9,"29":35680,"30":35680,"31":35680,"32":35680,"33":35680,"34":35680,"35":35680,"36":35666,"37":35666,"38":35666,"39":35665,"40":387672,"41":387672,"42":387672,"43":147726,"44":239946,"45":387672,"46":35666,"47":14,"48":1},"f":{"0":35699,"1":35699,"2":18,"3":0,"4":35717,"5":18,"6":10,"7":10,"8":9,"9":9,"10":35680,"11":35680,"12":387672,"13":0,"14":9,"15":35680,"16":35680,"17":35680,"18":387672},"b":{"0":[1,1,1],"1":[35699,35699],"2":[35699,18],"3":[35699,35699],"4":[1,9],"5":[21534,14146],"6":[35666,14],"7":[35665,1],"8":[35665,1],"9":[147726,239946]},"_coverageSchema":"332fd63041d2c1bcb487cc26dd0d5f7d97098a6c","hash":"ff147b34f7af2f637e56cd95be33f50bd810cb9d","contentHash":"8bc6c4dea24cfca655f2c48e3fa430e1_11.3.0"},"C:\\Users\\Juliane Yamasaki\\Desktop\\CPSC310\\d1_team15\\src\\QueryUtil.js":{"path":"C:\\Users\\Juliane Yamasaki\\Desktop\\CPSC310\\d1_team15\\src\\QueryUtil.js","statementMap":{"0":{"start":{"line":2,"column":0},"end":{"line":2,"column":62}},"1":{"start":{"line":5,"column":18},"end":{"line":5,"column":20}},"2":{"start":{"line":6,"column":8},"end":{"line":23,"column":9}},"3":{"start":{"line":7,"column":12},"end":{"line":7,"column":28}},"4":{"start":{"line":9,"column":13},"end":{"line":23,"column":9}},"5":{"start":{"line":10,"column":12},"end":{"line":10,"column":30}},"6":{"start":{"line":12,"column":13},"end":{"line":23,"column":9}},"7":{"start":{"line":13,"column":12},"end":{"line":13,"column":23}},"8":{"start":{"line":15,"column":13},"end":{"line":23,"column":9}},"9":{"start":{"line":16,"column":12},"end":{"line":16,"column":27}},"10":{"start":{"line":18,"column":13},"end":{"line":23,"column":9}},"11":{"start":{"line":19,"column":12},"end":{"line":19,"column":57}},"12":{"start":{"line":22,"column":12},"end":{"line":22,"column":20}},"13":{"start":{"line":24,"column":8},"end":{"line":24,"column":19}},"14":{"start":{"line":27,"column":27},"end":{"line":27,"column":48}},"15":{"start":{"line":29,"column":8},"end":{"line":34,"column":9}},"16":{"start":{"line":30,"column":12},"end":{"line":30,"column":45}},"17":{"start":{"line":33,"column":12},"end":{"line":33,"column":31}},"18":{"start":{"line":35,"column":26},"end":{"line":37,"column":19}},"19":{"start":{"line":38,"column":8},"end":{"line":43,"column":9}},"20":{"start":{"line":39,"column":12},"end":{"line":39,"column":24}},"21":{"start":{"line":42,"column":12},"end":{"line":42,"column":25}},"22":{"start":{"line":46,"column":24},"end":{"line":46,"column":26}},"23":{"start":{"line":48,"column":8},"end":{"line":59,"column":11}},"24":{"start":{"line":49,"column":12},"end":{"line":49,"column":38}},"25":{"start":{"line":50,"column":12},"end":{"line":58,"column":13}},"26":{"start":{"line":51,"column":16},"end":{"line":51,"column":77}},"27":{"start":{"line":54,"column":34},"end":{"line":54,"column":58}},"28":{"start":{"line":55,"column":36},"end":{"line":55,"column":71}},"29":{"start":{"line":56,"column":33},"end":{"line":56,"column":65}},"30":{"start":{"line":57,"column":16},"end":{"line":57,"column":79}},"31":{"start":{"line":60,"column":8},"end":{"line":60,"column":23}},"32":{"start":{"line":63,"column":18},"end":{"line":63,"column":37}},"33":{"start":{"line":64,"column":27},"end":{"line":65,"column":51}},"34":{"start":{"line":66,"column":8},"end":{"line":71,"column":9}},"35":{"start":{"line":67,"column":12},"end":{"line":67,"column":24}},"36":{"start":{"line":70,"column":12},"end":{"line":70,"column":25}},"37":{"start":{"line":74,"column":8},"end":{"line":91,"column":9}},"38":{"start":{"line":75,"column":12},"end":{"line":85,"column":15}},"39":{"start":{"line":76,"column":26},"end":{"line":76,"column":52}},"40":{"start":{"line":77,"column":26},"end":{"line":77,"column":52}},"41":{"start":{"line":78,"column":16},"end":{"line":80,"column":17}},"42":{"start":{"line":79,"column":20},"end":{"line":79,"column":30}},"43":{"start":{"line":81,"column":16},"end":{"line":83,"column":17}},"44":{"start":{"line":82,"column":20},"end":{"line":82,"column":29}},"45":{"start":{"line":84,"column":16},"end":{"line":84,"column":25}},"46":{"start":{"line":88,"column":12},"end":{"line":90,"column":15}},"47":{"start":{"line":89,"column":16},"end":{"line":89,"column":51}},"48":{"start":{"line":92,"column":8},"end":{"line":92,"column":21}},"49":{"start":{"line":95,"column":8},"end":{"line":120,"column":11}},"50":{"start":{"line":96,"column":20},"end":{"line":96,"column":35}},"51":{"start":{"line":97,"column":20},"end":{"line":97,"column":35}},"52":{"start":{"line":98,"column":12},"end":{"line":101,"column":13}},"53":{"start":{"line":99,"column":16},"end":{"line":99,"column":36}},"54":{"start":{"line":100,"column":16},"end":{"line":100,"column":36}},"55":{"start":{"line":102,"column":12},"end":{"line":104,"column":13}},"56":{"start":{"line":103,"column":16},"end":{"line":103,"column":25}},"57":{"start":{"line":105,"column":12},"end":{"line":119,"column":13}},"58":{"start":{"line":106,"column":16},"end":{"line":106,"column":26}},"59":{"start":{"line":108,"column":17},"end":{"line":119,"column":13}},"60":{"start":{"line":109,"column":24},"end":{"line":109,"column":25}},"61":{"start":{"line":110,"column":16},"end":{"line":117,"column":17}},"62":{"start":{"line":111,"column":20},"end":{"line":116,"column":21}},"63":{"start":{"line":112,"column":24},"end":{"line":112,"column":33}},"64":{"start":{"line":114,"column":25},"end":{"line":116,"column":21}},"65":{"start":{"line":115,"column":24},"end":{"line":115,"column":34}},"66":{"start":{"line":118,"column":16},"end":{"line":118,"column":25}},"67":{"start":{"line":121,"column":8},"end":{"line":121,"column":21}},"68":{"start":{"line":124,"column":8},"end":{"line":149,"column":11}},"69":{"start":{"line":125,"column":20},"end":{"line":125,"column":35}},"70":{"start":{"line":126,"column":20},"end":{"line":126,"column":35}},"71":{"start":{"line":127,"column":12},"end":{"line":130,"column":13}},"72":{"start":{"line":128,"column":16},"end":{"line":128,"column":36}},"73":{"start":{"line":129,"column":16},"end":{"line":129,"column":36}},"74":{"start":{"line":131,"column":12},"end":{"line":133,"column":13}},"75":{"start":{"line":132,"column":16},"end":{"line":132,"column":26}},"76":{"start":{"line":134,"column":12},"end":{"line":148,"column":13}},"77":{"start":{"line":135,"column":16},"end":{"line":135,"column":25}},"78":{"start":{"line":138,"column":24},"end":{"line":138,"column":25}},"79":{"start":{"line":139,"column":16},"end":{"line":146,"column":17}},"80":{"start":{"line":140,"column":20},"end":{"line":145,"column":21}},"81":{"start":{"line":141,"column":24},"end":{"line":141,"column":33}},"82":{"start":{"line":143,"column":25},"end":{"line":145,"column":21}},"83":{"start":{"line":144,"column":24},"end":{"line":144,"column":34}},"84":{"start":{"line":147,"column":16},"end":{"line":147,"column":25}},"85":{"start":{"line":150,"column":8},"end":{"line":150,"column":21}},"86":{"start":{"line":153,"column":20},"end":{"line":153,"column":29}},"87":{"start":{"line":154,"column":21},"end":{"line":154,"column":31}},"88":{"start":{"line":155,"column":8},"end":{"line":160,"column":9}},"89":{"start":{"line":156,"column":12},"end":{"line":156,"column":56}},"90":{"start":{"line":159,"column":12},"end":{"line":159,"column":54}},"91":{"start":{"line":163,"column":23},"end":{"line":163,"column":25}},"92":{"start":{"line":164,"column":16},"end":{"line":164,"column":17}},"93":{"start":{"line":165,"column":8},"end":{"line":169,"column":9}},"94":{"start":{"line":166,"column":12},"end":{"line":168,"column":13}},"95":{"start":{"line":167,"column":16},"end":{"line":167,"column":28}},"96":{"start":{"line":170,"column":16},"end":{"line":170,"column":39}},"97":{"start":{"line":171,"column":8},"end":{"line":181,"column":9}},"98":{"start":{"line":172,"column":20},"end":{"line":172,"column":40}},"99":{"start":{"line":173,"column":12},"end":{"line":177,"column":13}},"100":{"start":{"line":174,"column":16},"end":{"line":176,"column":17}},"101":{"start":{"line":175,"column":20},"end":{"line":175,"column":26}},"102":{"start":{"line":178,"column":12},"end":{"line":180,"column":13}},"103":{"start":{"line":179,"column":16},"end":{"line":179,"column":45}},"104":{"start":{"line":182,"column":8},"end":{"line":182,"column":22}},"105":{"start":{"line":185,"column":8},"end":{"line":187,"column":20}},"106":{"start":{"line":190,"column":24},"end":{"line":190,"column":26}},"107":{"start":{"line":191,"column":35},"end":{"line":191,"column":37}},"108":{"start":{"line":192,"column":25},"end":{"line":192,"column":27}},"109":{"start":{"line":193,"column":16},"end":{"line":193,"column":17}},"110":{"start":{"line":194,"column":8},"end":{"line":207,"column":9}},"111":{"start":{"line":195,"column":32},"end":{"line":195,"column":34}},"112":{"start":{"line":196,"column":20},"end":{"line":196,"column":21}},"113":{"start":{"line":197,"column":12},"end":{"line":203,"column":13}},"114":{"start":{"line":198,"column":32},"end":{"line":198,"column":40}},"115":{"start":{"line":199,"column":28},"end":{"line":199,"column":45}},"116":{"start":{"line":200,"column":35},"end":{"line":200,"column":37}},"117":{"start":{"line":201,"column":16},"end":{"line":201,"column":38}},"118":{"start":{"line":202,"column":16},"end":{"line":202,"column":37}},"119":{"start":{"line":204,"column":12},"end":{"line":206,"column":13}},"120":{"start":{"line":205,"column":16},"end":{"line":205,"column":53}},"121":{"start":{"line":208,"column":16},"end":{"line":208,"column":17}},"122":{"start":{"line":209,"column":8},"end":{"line":218,"column":9}},"123":{"start":{"line":210,"column":32},"end":{"line":210,"column":34}},"124":{"start":{"line":211,"column":20},"end":{"line":211,"column":21}},"125":{"start":{"line":212,"column":12},"end":{"line":216,"column":13}},"126":{"start":{"line":213,"column":16},"end":{"line":215,"column":17}},"127":{"start":{"line":214,"column":20},"end":{"line":214,"column":47}},"128":{"start":{"line":217,"column":12},"end":{"line":217,"column":38}},"129":{"start":{"line":219,"column":8},"end":{"line":219,"column":56}},"130":{"start":{"line":222,"column":16},"end":{"line":222,"column":17}},"131":{"start":{"line":223,"column":8},"end":{"line":227,"column":9}},"132":{"start":{"line":224,"column":12},"end":{"line":226,"column":13}},"133":{"start":{"line":225,"column":16},"end":{"line":225,"column":29}},"134":{"start":{"line":228,"column":8},"end":{"line":228,"column":20}},"135":{"start":{"line":231,"column":8},"end":{"line":233,"column":9}},"136":{"start":{"line":232,"column":12},"end":{"line":232,"column":25}},"137":{"start":{"line":234,"column":16},"end":{"line":234,"column":17}},"138":{"start":{"line":235,"column":8},"end":{"line":239,"column":9}},"139":{"start":{"line":236,"column":12},"end":{"line":238,"column":13}},"140":{"start":{"line":237,"column":16},"end":{"line":237,"column":28}},"141":{"start":{"line":240,"column":8},"end":{"line":240,"column":21}},"142":{"start":{"line":243,"column":16},"end":{"line":243,"column":17}},"143":{"start":{"line":244,"column":8},"end":{"line":248,"column":9}},"144":{"start":{"line":245,"column":12},"end":{"line":247,"column":13}},"145":{"start":{"line":246,"column":16},"end":{"line":246,"column":29}},"146":{"start":{"line":249,"column":8},"end":{"line":249,"column":20}},"147":{"start":{"line":252,"column":21},"end":{"line":252,"column":28}},"148":{"start":{"line":253,"column":8},"end":{"line":302,"column":9}},"149":{"start":{"line":254,"column":20},"end":{"line":254,"column":21}},"150":{"start":{"line":255,"column":12},"end":{"line":286,"column":13}},"151":{"start":{"line":256,"column":33},"end":{"line":256,"column":57}},"152":{"start":{"line":257,"column":36},"end":{"line":257,"column":70}},"153":{"start":{"line":258,"column":35},"end":{"line":258,"column":66}},"154":{"start":{"line":259,"column":16},"end":{"line":285,"column":17}},"155":{"start":{"line":260,"column":20},"end":{"line":265,"column":21}},"156":{"start":{"line":261,"column":24},"end":{"line":261,"column":112}},"157":{"start":{"line":264,"column":24},"end":{"line":264,"column":96}},"158":{"start":{"line":267,"column":21},"end":{"line":285,"column":17}},"159":{"start":{"line":268,"column":20},"end":{"line":273,"column":21}},"160":{"start":{"line":269,"column":24},"end":{"line":269,"column":112}},"161":{"start":{"line":272,"column":24},"end":{"line":272,"column":96}},"162":{"start":{"line":275,"column":21},"end":{"line":285,"column":17}},"163":{"start":{"line":276,"column":20},"end":{"line":281,"column":21}},"164":{"start":{"line":277,"column":24},"end":{"line":277,"column":98}},"165":{"start":{"line":280,"column":24},"end":{"line":280,"column":81}},"166":{"start":{"line":284,"column":20},"end":{"line":284,"column":34}},"167":{"start":{"line":287,"column":12},"end":{"line":287,"column":26}},"168":{"start":{"line":290,"column":30},"end":{"line":290,"column":32}},"169":{"start":{"line":291,"column":20},"end":{"line":291,"column":21}},"170":{"start":{"line":292,"column":12},"end":{"line":300,"column":13}},"171":{"start":{"line":293,"column":24},"end":{"line":293,"column":25}},"172":{"start":{"line":294,"column":16},"end":{"line":299,"column":17}},"173":{"start":{"line":295,"column":33},"end":{"line":295,"column":59}},"174":{"start":{"line":296,"column":20},"end":{"line":298,"column":21}},"175":{"start":{"line":297,"column":24},"end":{"line":297,"column":54}},"176":{"start":{"line":301,"column":12},"end":{"line":301,"column":29}},"177":{"start":{"line":305,"column":16},"end":{"line":305,"column":17}},"178":{"start":{"line":306,"column":8},"end":{"line":308,"column":9}},"179":{"start":{"line":307,"column":12},"end":{"line":307,"column":25}},"180":{"start":{"line":309,"column":8},"end":{"line":313,"column":9}},"181":{"start":{"line":310,"column":12},"end":{"line":312,"column":13}},"182":{"start":{"line":311,"column":16},"end":{"line":311,"column":28}},"183":{"start":{"line":314,"column":8},"end":{"line":314,"column":21}},"184":{"start":{"line":317,"column":16},"end":{"line":317,"column":17}},"185":{"start":{"line":318,"column":8},"end":{"line":322,"column":9}},"186":{"start":{"line":319,"column":12},"end":{"line":321,"column":13}},"187":{"start":{"line":320,"column":16},"end":{"line":320,"column":29}},"188":{"start":{"line":323,"column":8},"end":{"line":323,"column":20}},"189":{"start":{"line":326,"column":23},"end":{"line":326,"column":25}},"190":{"start":{"line":327,"column":16},"end":{"line":327,"column":17}},"191":{"start":{"line":328,"column":8},"end":{"line":355,"column":9}},"192":{"start":{"line":329,"column":26},"end":{"line":329,"column":34}},"193":{"start":{"line":330,"column":20},"end":{"line":330,"column":21}},"194":{"start":{"line":331,"column":12},"end":{"line":353,"column":13}},"195":{"start":{"line":332,"column":34},"end":{"line":332,"column":55}},"196":{"start":{"line":333,"column":26},"end":{"line":333,"column":45}},"197":{"start":{"line":334,"column":26},"end":{"line":334,"column":45}},"198":{"start":{"line":335,"column":16},"end":{"line":349,"column":17}},"199":{"start":{"line":336,"column":36},"end":{"line":336,"column":60}},"200":{"start":{"line":337,"column":20},"end":{"line":348,"column":21}},"201":{"start":{"line":338,"column":24},"end":{"line":340,"column":25}},"202":{"start":{"line":339,"column":28},"end":{"line":339,"column":42}},"203":{"start":{"line":341,"column":24},"end":{"line":341,"column":47}},"204":{"start":{"line":344,"column":24},"end":{"line":346,"column":25}},"205":{"start":{"line":345,"column":28},"end":{"line":345,"column":42}},"206":{"start":{"line":347,"column":24},"end":{"line":347,"column":47}},"207":{"start":{"line":352,"column":16},"end":{"line":352,"column":28}},"208":{"start":{"line":354,"column":12},"end":{"line":354,"column":31}},"209":{"start":{"line":356,"column":8},"end":{"line":356,"column":22}},"210":{"start":{"line":359,"column":23},"end":{"line":359,"column":25}},"211":{"start":{"line":360,"column":16},"end":{"line":360,"column":17}},"212":{"start":{"line":361,"column":8},"end":{"line":387,"column":9}},"213":{"start":{"line":362,"column":24},"end":{"line":362,"column":37}},"214":{"start":{"line":363,"column":20},"end":{"line":363,"column":21}},"215":{"start":{"line":364,"column":12},"end":{"line":385,"column":13}},"216":{"start":{"line":365,"column":34},"end":{"line":365,"column":55}},"217":{"start":{"line":366,"column":26},"end":{"line":366,"column":50}},"218":{"start":{"line":367,"column":16},"end":{"line":381,"column":17}},"219":{"start":{"line":368,"column":36},"end":{"line":368,"column":60}},"220":{"start":{"line":369,"column":20},"end":{"line":380,"column":21}},"221":{"start":{"line":370,"column":24},"end":{"line":373,"column":25}},"222":{"start":{"line":371,"column":28},"end":{"line":371,"column":42}},"223":{"start":{"line":372,"column":28},"end":{"line":372,"column":50}},"224":{"start":{"line":376,"column":24},"end":{"line":379,"column":25}},"225":{"start":{"line":377,"column":28},"end":{"line":377,"column":42}},"226":{"start":{"line":378,"column":28},"end":{"line":378,"column":50}},"227":{"start":{"line":384,"column":16},"end":{"line":384,"column":28}},"228":{"start":{"line":386,"column":12},"end":{"line":386,"column":31}},"229":{"start":{"line":388,"column":8},"end":{"line":388,"column":22}},"230":{"start":{"line":391,"column":23},"end":{"line":391,"column":25}},"231":{"start":{"line":392,"column":16},"end":{"line":392,"column":17}},"232":{"start":{"line":393,"column":26},"end":{"line":393,"column":47}},"233":{"start":{"line":394,"column":8},"end":{"line":407,"column":9}},"234":{"start":{"line":395,"column":26},"end":{"line":395,"column":28}},"235":{"start":{"line":396,"column":24},"end":{"line":396,"column":25}},"236":{"start":{"line":397,"column":20},"end":{"line":397,"column":21}},"237":{"start":{"line":398,"column":12},"end":{"line":403,"column":13}},"238":{"start":{"line":399,"column":16},"end":{"line":402,"column":17}},"239":{"start":{"line":400,"column":20},"end":{"line":400,"column":31}},"240":{"start":{"line":401,"column":20},"end":{"line":401,"column":57}},"241":{"start":{"line":404,"column":29},"end":{"line":404,"column":37}},"242":{"start":{"line":405,"column":12},"end":{"line":405,"column":40}},"243":{"start":{"line":406,"column":12},"end":{"line":406,"column":34}},"244":{"start":{"line":408,"column":8},"end":{"line":408,"column":22}},"245":{"start":{"line":411,"column":23},"end":{"line":411,"column":25}},"246":{"start":{"line":412,"column":16},"end":{"line":412,"column":17}},"247":{"start":{"line":413,"column":26},"end":{"line":413,"column":47}},"248":{"start":{"line":414,"column":8},"end":{"line":427,"column":9}},"249":{"start":{"line":415,"column":26},"end":{"line":415,"column":28}},"250":{"start":{"line":416,"column":24},"end":{"line":416,"column":25}},"251":{"start":{"line":417,"column":20},"end":{"line":417,"column":21}},"252":{"start":{"line":418,"column":12},"end":{"line":423,"column":13}},"253":{"start":{"line":419,"column":16},"end":{"line":422,"column":17}},"254":{"start":{"line":420,"column":20},"end":{"line":420,"column":31}},"255":{"start":{"line":421,"column":20},"end":{"line":421,"column":57}},"256":{"start":{"line":424,"column":29},"end":{"line":424,"column":42}},"257":{"start":{"line":425,"column":12},"end":{"line":425,"column":40}},"258":{"start":{"line":426,"column":12},"end":{"line":426,"column":34}},"259":{"start":{"line":428,"column":8},"end":{"line":428,"column":22}},"260":{"start":{"line":431,"column":16},"end":{"line":431,"column":17}},"261":{"start":{"line":432,"column":25},"end":{"line":432,"column":27}},"262":{"start":{"line":433,"column":8},"end":{"line":437,"column":9}},"263":{"start":{"line":434,"column":12},"end":{"line":436,"column":13}},"264":{"start":{"line":435,"column":1
[...]
:{"line":26,"column":35}},"18":{"start":{"line":27,"column":8},"end":{"line":27,"column":14}},"19":{"start":{"line":29,"column":8},"end":{"line":29,"column":34}},"20":{"start":{"line":30,"column":8},"end":{"line":30,"column":14}},"21":{"start":{"line":32,"column":8},"end":{"line":32,"column":34}},"22":{"start":{"line":33,"column":8},"end":{"line":33,"column":14}},"23":{"start":{"line":35,"column":8},"end":{"line":35,"column":35}},"24":{"start":{"line":39,"column":8},"end":{"line":41,"column":9}},"25":{"start":{"line":40,"column":12},"end":{"line":40,"column":70}},"26":{"start":{"line":44,"column":8},"end":{"line":46,"column":9}},"27":{"start":{"line":45,"column":12},"end":{"line":45,"column":71}},"28":{"start":{"line":49,"column":8},"end":{"line":51,"column":9}},"29":{"start":{"line":50,"column":12},"end":{"line":50,"column":71}},"30":{"start":{"line":54,"column":8},"end":{"line":56,"column":9}},"31":{"start":{"line":55,"column":12},"end":{"line":55,"column":72}},"32":{"start":{"line":59,"column":8},"end":{"line":61,"column":9}},"33":{"start":{"line":60,"column":12},"end":{"line":60,"column":70}},"34":{"start":{"line":64,"column":0},"end":{"line":64,"column":22}},"35":{"start":{"line":65,"column":0},"end":{"line":65,"column":22}}},"fnMap":{"0":{"name":"(anonymous_0)","decl":{"start":{"line":6,"column":1},"end":{"line":6,"column":2}},"loc":{"start":{"line":6,"column":21},"end":{"line":13,"column":1}},"line":6},"1":{"name":"(anonymous_1)","decl":{"start":{"line":38,"column":4},"end":{"line":38,"column":5}},"loc":{"start":{"line":38,"column":22},"end":{"line":42,"column":5}},"line":38},"2":{"name":"(anonymous_2)","decl":{"start":{"line":43,"column":4},"end":{"line":43,"column":5}},"loc":{"start":{"line":43,"column":21},"end":{"line":47,"column":5}},"line":43},"3":{"name":"(anonymous_3)","decl":{"start":{"line":48,"column":4},"end":{"line":48,"column":5}},"loc":{"start":{"line":48,"column":21},"end":{"line":52,"column":5}},"line":48},"4":{"name":"(anonymous_4)","decl":{"start":{"line":53,"column":4},"end":{"line":53,"column":5}},"loc":{"start":{"line":53,"column":22},"end":{"line":57,"column":5}},"line":53},"5":{"name":"(anonymous_5)","decl":{"start":{"line":58,"column":4},"end":{"line":58,"column":5}},"loc":{"start":{"line":58,"column":21},"end":{"line":62,"column":5}},"line":58}},"branchMap":{"0":{"loc":{"start":{"line":13,"column":3},"end":{"line":13,"column":30}},"type":"binary-expr","locations":[{"start":{"line":13,"column":3},"end":{"line":13,"column":11}},{"start":{"line":13,"column":16},"end":{"line":13,"column":29}}],"line":13},"1":{"loc":{"start":{"line":15,"column":0},"end":{"line":36,"column":1}},"type":"switch","locations":[{"start":{"line":16,"column":4},"end":{"line":18,"column":14}},{"start":{"line":19,"column":4},"end":{"line":21,"column":14}},{"start":{"line":22,"column":4},"end":{"line":24,"column":14}},{"start":{"line":25,"column":4},"end":{"line":27,"column":14}},{"start":{"line":28,"column":4},"end":{"line":30,"column":14}},{"start":{"line":31,"column":4},"end":{"line":33,"column":14}},{"start":{"line":34,"column":4},"end":{"line":35,"column":35}}],"line":15},"2":{"loc":{"start":{"line":15,"column":9},"end":{"line":15,"column":39}},"type":"binary-expr","locations":[{"start":{"line":15,"column":9},"end":{"line":15,"column":33}},{"start":{"line":15,"column":37},"end":{"line":15,"column":39}}],"line":15},"3":{"loc":{"start":{"line":39,"column":8},"end":{"line":41,"column":9}},"type":"if","locations":[{"start":{"line":39,"column":8},"end":{"line":41,"column":9}},{"start":{"line":39,"column":8},"end":{"line":41,"column":9}}],"line":39},"4":{"loc":{"start":{"line":44,"column":8},"end":{"line":46,"column":9}},"type":"if","locations":[{"start":{"line":44,"column":8},"end":{"line":46,"column":9}},{"start":{"line":44,"column":8},"end":{"line":46,"column":9}}],"line":44},"5":{"loc":{"start":{"line":49,"column":8},"end":{"line":51,"column":9}},"type":"if","locations":[{"start":{"line":49,"column":8},"end":{"line":51,"column":9}},{"start":{"line":49,"column":8},"end":{"line":51,"column":9}}],"line":49},"6":{"loc":{"start":{"line":54,"column":8},"end":{"line":56,"column":9}},"type":"if","locations":[{"start":{"line":54,"column":8},"end":{"line":56,"column":9}},{"start":{"line":54,"column":8},"end":{"line":56,"column":9}}],"line":54},"7":{"loc":{"start":{"line":59,"column":8},"end":{"line":61,"column":9}},"type":"if","locations":[{"start":{"line":59,"column":8},"end":{"line":61,"column":9}},{"start":{"line":59,"column":8},"end":{"line":61,"column":9}}],"line":59}},"s":{"0":1,"1":1,"2":1,"3":1,"4":1,"5":1,"6":1,"7":1,"8":1,"9":1,"10":1,"11":0,"12":0,"13":0,"14":0,"15":0,"16":0,"17":0,"18":0,"19":0,"20":0,"21":0,"22":0,"23":1,"24":16,"25":16,"26":11,"27":11,"28":0,"29":0,"30":2,"31":2,"32":43,"33":43,"34":1,"35":1},"f":{"0":1,"1":16,"2":11,"3":0,"4":2,"5":43},"b":{"0":[1,1],"1":[0,0,0,0,0,0,1],"2":[1,1],"3":[16,0],"4":[11,0],"5":[0,0],"6":[2,0],"7":[43,0]},"_coverageSchema":"332fd63041d2c1bcb487cc26dd0d5f7d97098a6c","hash":"ae697baee4f47dfa87d8e0e950f3e357ee4d30e9","contentHash":"18ce69edf921a71ac4fdd83a7cf05227_11.3.0"},"C:\\Users\\Juliane Yamasaki\\Desktop\\CPSC310\\d1_team15\\src\\rest\\Server.js":{"path":"C:\\Users\\Juliane Yamasaki\\Desktop\\CPSC310\\d1_team15\\src\\rest\\Server.js","statementMap":{"0":{"start":{"line":2,"column":0},"end":{"line":2,"column":62}},"1":{"start":{"line":3,"column":11},"end":{"line":3,"column":24}},"2":{"start":{"line":4,"column":16},"end":{"line":4,"column":34}},"3":{"start":{"line":5,"column":15},"end":{"line":5,"column":33}},"4":{"start":{"line":6,"column":24},"end":{"line":6,"column":62}},"5":{"start":{"line":9,"column":8},"end":{"line":9,"column":62}},"6":{"start":{"line":10,"column":8},"end":{"line":10,"column":25}},"7":{"start":{"line":11,"column":8},"end":{"line":11,"column":61}},"8":{"start":{"line":14,"column":8},"end":{"line":14,"column":47}},"9":{"start":{"line":15,"column":21},"end":{"line":15,"column":25}},"10":{"start":{"line":16,"column":8},"end":{"line":20,"column":11}},"11":{"start":{"line":17,"column":12},"end":{"line":19,"column":15}},"12":{"start":{"line":18,"column":16},"end":{"line":18,"column":30}},"13":{"start":{"line":23,"column":21},"end":{"line":23,"column":25}},"14":{"start":{"line":24,"column":8},"end":{"line":55,"column":11}},"15":{"start":{"line":25,"column":12},"end":{"line":54,"column":13}},"16":{"start":{"line":26,"column":16},"end":{"line":26,"column":63}},"17":{"start":{"line":27,"column":16},"end":{"line":29,"column":19}},"18":{"start":{"line":30,"column":16},"end":{"line":34,"column":19}},"19":{"start":{"line":31,"column":20},"end":{"line":31,"column":67}},"20":{"start":{"line":32,"column":20},"end":{"line":32,"column":83}},"21":{"start":{"line":33,"column":20},"end":{"line":33,"column":34}},"22":{"start":{"line":35,"column":16},"end":{"line":35,"column":70}},"23":{"start":{"line":36,"column":16},"end":{"line":36,"column":57}},"24":{"start":{"line":37,"column":16},"end":{"line":37,"column":71}},"25":{"start":{"line":38,"column":16},"end":{"line":38,"column":68}},"26":{"start":{"line":39,"column":16},"end":{"line":39,"column":62}},"27":{"start":{"line":40,"column":16},"end":{"line":40,"column":64}},"28":{"start":{"line":41,"column":16},"end":{"line":41,"column":55}},"29":{"start":{"line":42,"column":16},"end":{"line":45,"column":19}},"30":{"start":{"line":43,"column":20},"end":{"line":43,"column":97}},"31":{"start":{"line":44,"column":20},"end":{"line":44,"column":34}},"32":{"start":{"line":46,"column":16},"end":{"line":49,"column":19}},"33":{"start":{"line":47,"column":20},"end":{"line":47,"column":83}},"34":{"start":{"line":48,"column":20},"end":{"line":48,"column":32}},"35":{"start":{"line":52,"column":16},"end":{"line":52,"column":72}},"36":{"start":{"line":53,"column":16},"end":{"line":53,"column":28}},"37":{"start":{"line":58,"column":8},"end":{"line":58,"column":55}},"38":{"start":{"line":59,"column":8},"end":{"line":73,"column":9}},"39":{"start":{"line":62,"column":12},"end":{"line":69,"column":15}},"40":{"start":{"line":64,"column":16},"end":{"line":64,"column":90}},"41":{"start":{"line":65,"column":16},"end":{"line":65,"column":58}},"42":{"start":{"line":68,"column":16},"end":{"line":68,"column":64}},"43":{"start":{"line":72,"column":12},"end":{"line":72,"column":74}},"44":{"start":{"line":74,"column":8},"end":{"line":74,"column":22}},"45":{"start":{"line":77,"column":8},"end":{"line":77,"column":98}},"46":{"start":{"line":78,"column":8},"end":{"line":88,"column":9}},"47":{"start":{"line":79,"column":12},"end":{"line":84,"column":15}},"48":{"start":{"line":80,"column":16},"end":{"line":80,"column":93}},"49":{"start":{"line":81,"column":16},"end":{"line":81,"column":58}},"50":{"start":{"line":83,"column":16},"end":{"line":83,"column":64}},"51":{"start":{"line":87,"column":12},"end":{"line":87,"column":74}},"52":{"start":{"line":89,"column":8},"end":{"line":89,"column":22}},"53":{"start":{"line":92,"column":8},"end":{"line":92,"column":58}},"54":{"start":{"line":93,"column":8},"end":{"line":103,"column":9}},"55":{"start":{"line":94,"column":12},"end":{"line":99,"column":15}},"56":{"start":{"line":95,"column":16},"end":{"line":95,"column":93}},"57":{"start":{"line":96,"column":16},"end":{"line":96,"column":58}},"58":{"start":{"line":98,"column":16},"end":{"line":98,"column":64}},"59":{"start":{"line":102,"column":12},"end":{"line":102,"column":74}},"60":{"start":{"line":104,"column":8},"end":{"line":104,"column":22}},"61":{"start":{"line":107,"column":8},"end":{"line":107,"column":55}},"62":{"start":{"line":108,"column":8},"end":{"line":113,"column":11}},"63":{"start":{"line":109,"column":12},"end":{"line":109,"column":86}},"64":{"start":{"line":110,"column":12},"end":{"line":110,"column":54}},"65":{"start":{"line":112,"column":12},"end":{"line":112,"column":60}},"66":{"start":{"line":114,"column":8},"end":{"line":114,"column":22}},"67":{"start":{"line":117,"column":8},"end":{"line":117,"column":89}},"68":{"start":{"line":118,"column":8},"end":{"line":126,"column":9}},"69":{"start":{"line":119,"column":27},"end":{"line":119,"column":61}},"70":{"start":{"line":120,"column":12},"end":{"line":120,"column":80}},"71":{"start":{"line":121,"column":12},"end":{"line":121,"column":47}},"72":{"start":{"line":124,"column":12},"end":{"line":124,"column":70}},"73":{"start":{"line":125,"column":12},"end":{"line":125,"column":50}},"74":{"start":{"line":127,"column":8},"end":{"line":127,"column":22}},"75":{"start":{"line":130,"column":8},"end":{"line":135,"column":9}},"76":{"start":{"line":131,"column":12},"end":{"line":131,"column":70}},"77":{"start":{"line":134,"column":12},"end":{"line":134,"column":74}},"78":{"start":{"line":138,"column":26},"end":{"line":138,"column":44}},"79":{"start":{"line":139,"column":8},"end":{"line":139,"column":67}},"80":{"start":{"line":140,"column":19},"end":{"line":140,"column":43}},"81":{"start":{"line":141,"column":8},"end":{"line":143,"column":9}},"82":{"start":{"line":142,"column":12},"end":{"line":142,"column":56}},"83":{"start":{"line":144,"column":8},"end":{"line":153,"column":11}},"84":{"start":{"line":145,"column":12},"end":{"line":149,"column":13}},"85":{"start":{"line":146,"column":16},"end":{"line":146,"column":30}},"86":{"start":{"line":147,"column":16},"end":{"line":147,"column":58}},"87":{"start":{"line":148,"column":16},"end":{"line":148,"column":30}},"88":{"start":{"line":150,"column":12},"end":{"line":150,"column":28}},"89":{"start":{"line":151,"column":12},"end":{"line":151,"column":22}},"90":{"start":{"line":152,"column":12},"end":{"line":152,"column":26}},"91":{"start":{"line":156,"column":0},"end":{"line":156,"column":25}}},"fnMap":{"0":{"name":"(anonymous_0)","decl":{"start":{"line":8,"column":4},"end":{"line":8,"column":5}},"loc":{"start":{"line":8,"column":22},"end":{"line":12,"column":5}},"line":8},"1":{"name":"(anonymous_1)","decl":{"start":{"line":13,"column":4},"end":{"line":13,"column":5}},"loc":{"start":{"line":13,"column":11},"end":{"line":21,"column":5}},"line":13},"2":{"name":"(anonymous_2)","decl":{"start":{"line":16,"column":27},"end":{"line":16,"column":28}},"loc":{"start":{"line":16,"column":46},"end":{"line":20,"column":9}},"line":16},"3":{"name":"(anonymous_3)","decl":{"start":{"line":17,"column":28},"end":{"line":17,"column":29}},"loc":{"start":{"line":17,"column":40},"end":{"line":19,"column":13}},"line":17},"4":{"name":"(anonymous_4)","decl":{"start":{"line":22,"column":4},"end":{"line":22,"column":5}},"loc":{"start":{"line":22,"column":12},"end":{"line":56,"column":5}},"line":22},"5":{"name":"(anonymous_5)","decl":{"start":{"line":24,"column":27},"end":{"line":24,"column":28}},"loc":{"start":{"line":24,"column":54},"end":{"line":55,"column":9}},"line":24},"6":{"name":"crossOrigin","decl":{"start":{"line":30,"column":39},"end":{"line":30,"column":50}},"loc":{"start":{"line":30,"column":67},"end":{"line":34,"column":17}},"line":30},"7":{"name":"(anonymous_7)","decl":{"start":{"line":42,"column":44},"end":{"line":42,"column":45}},"loc":{"start":{"line":42,"column":56},"end":{"line":45,"column":17}},"line":42},"8":{"name":"(anonymous_8)","decl":{"start":{"line":46,"column":38},"end":{"line":46,"column":39}},"loc":{"start":{"line":46,"column":53},"end":{"line":49,"column":17}},"line":46},"9":{"name":"(anonymous_9)","decl":{"start":{"line":57,"column":4},"end":{"line":57,"column":5}},"loc":{"start":{"line":57,"column":38},"end":{"line":75,"column":5}},"line":57},"10":{"name":"(anonymous_10)","decl":{"start":{"line":63,"column":22},"end":{"line":63,"column":23}},"loc":{"start":{"line":63,"column":34},"end":{"line":66,"column":13}},"line":63},"11":{"name":"(anonymous_11)","decl":{"start":{"line":67,"column":23},"end":{"line":67,"column":24}},"loc":{"start":{"line":67,"column":32},"end":{"line":69,"column":13}},"line":67},"12":{"name":"(anonymous_12)","decl":{"start":{"line":76,"column":4},"end":{"line":76,"column":5}},"loc":{"start":{"line":76,"column":41},"end":{"line":90,"column":5}},"line":76},"13":{"name":"(anonymous_13)","decl":{"start":{"line":79,"column":67},"end":{"line":79,"column":68}},"loc":{"start":{"line":79,"column":79},"end":{"line":82,"column":13}},"line":79},"14":{"name":"(anonymous_14)","decl":{"start":{"line":82,"column":21},"end":{"line":82,"column":22}},"loc":{"start":{"line":82,"column":30},"end":{"line":84,"column":13}},"line":82},"15":{"name":"(anonymous_15)","decl":{"start":{"line":91,"column":4},"end":{"line":91,"column":5}},"loc":{"start":{"line":91,"column":40},"end":{"line":105,"column":5}},"line":91},"16":{"name":"(anonymous_16)","decl":{"start":{"line":94,"column":61},"end":{"line":94,"column":62}},"loc":{"start":{"line":94,"column":73},"end":{"line":97,"column":13}},"line":94},"17":{"name":"(anonymous_17)","decl":{"start":{"line":97,"column":21},"end":{"line":97,"column":22}},"loc":{"start":{"line":97,"column":30},"end":{"line":99,"column":13}},"line":97},"18":{"name":"(anonymous_18)","decl":{"start":{"line":106,"column":4},"end":{"line":106,"column":5}},"loc":{"start":{"line":106,"column":40},"end":{"line":115,"column":5}},"line":106},"19":{"name":"(anonymous_19)","decl":{"start":{"line":108,"column":49},"end":{"line":108,"column":50}},"loc":{"start":{"line":108,"column":61},"end":{"line":111,"column":9}},"line":108},"20":{"name":"(anonymous_20)","decl":{"start":{"line":111,"column":17},"end":{"line":111,"column":18}},"loc":{"start":{"line":111,"column":26},"end":{"line":113,"column":9}},"line":111},"21":{"name":"(anonymous_21)","decl":{"start":{"line":116,"column":4},"end":{"line":116,"column":5}},"loc":{"start":{"line":116,"column":32},"end":{"line":128,"column":5}},"line":116},"22":{"name":"(anonymous_22)","decl":{"start":{"line":129,"column":4},"end":{"line":129,"column":5}},"loc":{"start":{"line":129,"column":28},"end":{"line":136,"column":5}},"line":129},"23":{"name":"(anonymous_23)","decl":{"start":{"line":137,"column":4},"end":{"line":137,"column":5}},"loc":{"start":{"line":137,"column":37},"end":{"line":154,"column":5}},"line":137},"24":{"name":"(anonymous_24)","decl":{"start":{"line":144,"column":26},"end":{"line":144,"column":27}},"loc":{"start":{"line":144,"column":47},"end":{"line":153,"column":9}},"line":144}},"branchMap":{"0":{"loc":{"start":{"line":59,"column":8},"end":{"line":73,"column":9}},"type":"if","locations":[{"start":{"line":59,"column":8},"end":{"line":73,"column":9}},{"start":{"line":59,"column":8},"end":{"line":73,"column":9}}],"line":59},"1":{"loc":{"start":{"line":59,"column":12},"end":{"line":61,"column":81}},"type":"binary-expr","locations":[{"start":{"line":59,"column":12},"end":{"line":59,"column":50}},{"start":{"line":59,"column":54},"end":{"line":59,"column":78}},{"start":{"line":60,"column":15},"end":{"line":60,"column":51}},{"start":{"line":60,"column":55},"end":{"line":60,"column":77}},{"start":{"line":61,"column":15},"end":{"line":61,"column":53}},{"start":{"line":61,"column":57},"end":{"line":61,"column":81}}],"line":59},"2":{"loc":{"start":{"line":78,"column":8},"end":{"line":88,"column":9}},"type":"if","locations":[{"start":{"line":78,"column":8},"end":{"line":88,"column":9}},{"start":{"line":78,"column":8},"end":{"line":88,"column":9}}],"line":78},"3":{"loc":{"start":{"line":78,"column":12},"end":{"line":78,"column":74}},"type":"binary-expr","locations":[{"start":{"line":78,"column":12},"end":{"line":78,"column":48}},{"start":{"line":78,"column":52},"end":{"line":78,"column":74}}],"line":78},"4":{"loc":{"start":{"line":93,"column":8},"end":{"line":103,"column":9}},"type":"if","locations":[{"start":{"line":93,"column":8},"end":{"line":103,"column":9}},{"start":{"line":93,"column":8},"end":{"line":103,"column":9}}],"line":93},"5":{"loc":{"start":{"line":93,"column":12},"end":{"line":93,"column":64}},"type":"binary-expr","locations":[{"start":{"line":93,"column":12},"end":{"line":93,"column":43}},{"start":{"line":93,"column":47},"end":{"line":93,"column":64}}],"line":93},"6":{"loc":{"start":{"line":130,"column":8},"end":{"line":135,"column":9}},"type":"if","locations":[{"start":{"line":130,"column":8},"end":{"line":135,"column":9}},{"start":{"line":130,"column":8},"end":{"line":135,"column":9}}],"line":130},"7":{"loc":{"start":{"line":130,"column":12},"end":{"line":130,"column":54}},"type":"binary-expr","locations":[{"start":{"line":130,"column":12},"end":{"line":130,"column":38}},{"start":{"line":130,"column":42},"end":{"line":130,"column":54}}],"line":130},"8":{"loc":{"start":{"line":141,"column":8},"end":{"line":143,"column":9}},"type":"if","locations":[{"start":{"line":141,"column":8},"end":{"line":143,"column":9}},{"start":{"line":141,"column":8},"end":{"line":143,"column":9}}],"line":141},"9":{"loc":{"start":{"line":145,"column":12},"end":{"line":149,"column":13}},"type":"if","locations":[{"start":{"line":145,"column":12},"end":{"line":149,"column":13}},{"start":{"line":145,"column":12},"end":{"line":149,"column":13}}],"line":145}},"s":{"0":1,"1":1,"2":1,"3":1,"4":1,"5":1,"6":1,"7":1,"8":1,"9":1,"10":1,"11":1,"12":1,"13":1,"14":1,"15":1,"16":1,"17":1,"18":1,"19":8,"20":8,"21":8,"22":1,"23":1,"24":1,"25":1,"26":1,"27":1,"28":1,"29":1,"30":1,"31":1,"32":1,"33":0,"34":0,"35":0,"36":0,"37":1,"38":1,"39":1,"40":1,"41":1,"42":0,"43":0,"44":1,"45":2,"46":2,"47":2,"48":2,"49":2,"50":0,"51":0,"52":2,"53":2,"54":2,"55":2,"56":1,"57":1,"58":1,"59":0,"60":2,"61":3,"62":3,"63":3,"64":3,"65":0,"66":3,"67":0,"68":0,"69":0,"70":0,"71":0,"72":0,"73":0,"74":0,"75":0,"76":0,"77":0,"78":0,"79":0,"80":0,"81":0,"82":0,"83":0,"84":0,"85":0,"86":0,"87":0,"88":0,"89":0,"90":0,"91":1},"f":{"0":1,"1":1,"2":1,"3":1,"4":1,"5":1,"6":8,"7":1,"8":0,"9":1,"10":1,"11":0,"12":2,"13":2,"14":0,"15":2,"16":1,"17":1,"18":3,"19":3,"20":0,"21":0,"22":0,"23":0,"24":0},"b":{"0":[1,0],"1":[1,1,1,1,1,1],"2":[2,0],"3":[2,2],"4":[2,0],"5":[2,2],"6":[0,0],"7":[0,0],"8":[0,0],"9":[0,0]},"_coverageSchema":"332fd63041d2c1bcb487cc26dd0d5f7d97098a6c","hash":"fa6f5d37df5a54aa51b8c915f109c00194847102","contentHash":"8c5e03e6c4a459031c64145c816a9578_11.3.0"}}